{"D:\\ai-api-tester\\backend\\src\\app.module.ts": {"path":"D:\\ai-api-tester\\backend\\src\\app.module.ts","statementMap":{"0":{"start":{"line":1,"column":0},"end":{"line":1,"column":40}},"1":{"start":{"line":2,"column":0},"end":{"line":2,"column":46}},"2":{"start":{"line":3,"column":0},"end":{"line":3,"column":64}},"3":{"start":{"line":4,"column":0},"end":{"line":4,"column":70}},"4":{"start":{"line":5,"column":0},"end":{"line":5,"column":67}},"5":{"start":{"line":6,"column":0},"end":{"line":6,"column":67}},"6":{"start":{"line":7,"column":0},"end":{"line":7,"column":82}},"7":{"start":{"line":8,"column":0},"end":{"line":8,"column":70}},"8":{"start":{"line":9,"column":0},"end":{"line":9,"column":78}},"9":{"start":{"line":10,"column":0},"end":{"line":10,"column":64}},"10":{"start":{"line":11,"column":0},"end":{"line":11,"column":70}},"11":{"start":{"line":12,"column":0},"end":{"line":12,"column":73}},"12":{"start":{"line":13,"column":0},"end":{"line":13,"column":88}},"13":{"start":{"line":14,"column":0},"end":{"line":14,"column":76}},"14":{"start":{"line":16,"column":0},"end":{"line":16,"column":48}},"15":{"start":{"line":17,"column":0},"end":{"line":17,"column":52}},"16":{"start":{"line":18,"column":0},"end":{"line":18,"column":59}},"17":{"start":{"line":19,"column":0},"end":{"line":19,"column":67}},"18":{"start":{"line":20,"column":0},"end":{"line":20,"column":71}},"19":{"start":{"line":21,"column":0},"end":{"line":21,"column":69}},"20":{"start":{"line":22,"column":0},"end":{"line":22,"column":69}},"21":{"start":{"line":23,"column":0},"end":{"line":23,"column":72}},"22":{"start":{"line":24,"column":0},"end":{"line":24,"column":56}},"23":{"start":{"line":73,"column":7},"end":{"line":73,"column":null}},"24":{"start":{"line":73,"column":13},"end":{"line":73,"column":22}},"25":{"start":{"line":73,"column":13},"end":{"line":73,"column":null}},"26":{"start":{"line":32,"column":25},"end":{"line":49,"column":8}}},"fnMap":{"0":{"name":"(anonymous_1)","decl":{"start":{"line":32,"column":18},"end":{"line":32,"column":21}},"loc":{"start":{"line":32,"column":25},"end":{"line":49,"column":8}}}},"branchMap":{"0":{"loc":{"start":{"line":34,"column":14},"end":{"line":34,"column":48}},"type":"binary-expr","locations":[{"start":{"line":34,"column":14},"end":{"line":34,"column":33}},{"start":{"line":34,"column":37},"end":{"line":34,"column":48}}]},"1":{"loc":{"start":{"line":35,"column":23},"end":{"line":35,"column":52}},"type":"binary-expr","locations":[{"start":{"line":35,"column":23},"end":{"line":35,"column":42}},{"start":{"line":35,"column":46},"end":{"line":35,"column":52}}]},"2":{"loc":{"start":{"line":36,"column":18},"end":{"line":36,"column":51}},"type":"binary-expr","locations":[{"start":{"line":36,"column":18},"end":{"line":36,"column":37}},{"start":{"line":36,"column":41},"end":{"line":36,"column":51}}]},"3":{"loc":{"start":{"line":37,"column":18},"end":{"line":37,"column":55}},"type":"binary-expr","locations":[{"start":{"line":37,"column":18},"end":{"line":37,"column":41}},{"start":{"line":37,"column":45},"end":{"line":37,"column":55}}]},"4":{"loc":{"start":{"line":38,"column":18},"end":{"line":38,"column":56}},"type":"binary-expr","locations":[{"start":{"line":38,"column":18},"end":{"line":38,"column":37}},{"start":{"line":38,"column":41},"end":{"line":38,"column":56}}]}},"s":{"0":0,"1":0,"2":0,"3":0,"4":0,"5":0,"6":0,"7":0,"8":0,"9":0,"10":0,"11":0,"12":0,"13":0,"14":0,"15":0,"16":0,"17":0,"18":0,"19":0,"20":0,"21":0,"22":0,"23":0,"24":0,"25":0,"26":0},"f":{"0":0},"b":{"0":[0,0],"1":[0,0],"2":[0,0],"3":[0,0],"4":[0,0]}}
,"D:\\ai-api-tester\\backend\\src\\main.ts": {"path":"D:\\ai-api-tester\\backend\\src\\main.ts","statementMap":{"0":{"start":{"line":1,"column":0},"end":{"line":1,"column":43}},"1":{"start":{"line":2,"column":0},"end":{"line":2,"column":48}},"2":{"start":{"line":3,"column":0},"end":{"line":3,"column":41}},"3":{"start":{"line":6,"column":14},"end":{"line":6,"column":49}},"4":{"start":{"line":9,"column":2},"end":{"line":13,"column":5}},"5":{"start":{"line":15,"column":2},"end":{"line":20,"column":4}},"6":{"start":{"line":22,"column":15},"end":{"line":22,"column":39}},"7":{"start":{"line":23,"column":2},"end":{"line":23,"column":25}},"8":{"start":{"line":24,"column":2},"end":{"line":24,"column":79}},"9":{"start":{"line":27,"column":0},"end":{"line":27,"column":12}}},"fnMap":{"0":{"name":"bootstrap","decl":{"start":{"line":5,"column":15},"end":{"line":5,"column":24}},"loc":{"start":{"line":5,"column":24},"end":{"line":25,"column":1}}}},"branchMap":{"0":{"loc":{"start":{"line":22,"column":15},"end":{"line":22,"column":39}},"type":"binary-expr","locations":[{"start":{"line":22,"column":15},"end":{"line":22,"column":31}},{"start":{"line":22,"column":35},"end":{"line":22,"column":39}}]}},"s":{"0":0,"1":0,"2":0,"3":0,"4":0,"5":0,"6":0,"7":0,"8":0,"9":0},"f":{"0":0},"b":{"0":[0,0]}}
,"D:\\ai-api-tester\\backend\\src\\entities\\api-spec.entity.ts": {"path":"D:\\ai-api-tester\\backend\\src\\entities\\api-spec.entity.ts","statementMap":{"0":{"start":{"line":1,"column":0},"end":{"line":1,"column":112}},"1":{"start":{"line":2,"column":0},"end":{"line":2,"column":43}},"2":{"start":{"line":22,"column":7},"end":{"line":88,"column":null}},"3":{"start":{"line":22,"column":13},"end":{"line":22,"column":26}},"4":{"start":{"line":24,"column":2},"end":{"line":24,"column":null}},"5":{"start":{"line":27,"column":2},"end":{"line":27,"column":null}},"6":{"start":{"line":26,"column":19},"end":{"line":26,"column":29}},"7":{"start":{"line":26,"column":41},"end":{"line":26,"column":56}},"8":{"start":{"line":30,"column":2},"end":{"line":30,"column":null}},"9":{"start":{"line":33,"column":2},"end":{"line":33,"column":null}},"10":{"start":{"line":36,"column":2},"end":{"line":36,"column":null}},"11":{"start":{"line":39,"column":2},"end":{"line":39,"column":null}},"12":{"start":{"line":42,"column":2},"end":{"line":42,"column":null}},"13":{"start":{"line":45,"column":2},"end":{"line":45,"column":null}},"14":{"start":{"line":48,"column":2},"end":{"line":48,"column":null}},"15":{"start":{"line":51,"column":2},"end":{"line":51,"column":null}},"16":{"start":{"line":54,"column":2},"end":{"line":54,"column":null}},"17":{"start":{"line":57,"column":2},"end":{"line":57,"column":null}},"18":{"start":{"line":60,"column":2},"end":{"line":60,"column":null}},"19":{"start":{"line":63,"column":2},"end":{"line":63,"column":null}},"20":{"start":{"line":66,"column":2},"end":{"line":66,"column":null}},"21":{"start":{"line":69,"column":2},"end":{"line":69,"column":null}},"22":{"start":{"line":72,"column":2},"end":{"line":72,"column":null}},"23":{"start":{"line":75,"column":2},"end":{"line":75,"column":null}},"24":{"start":{"line":78,"column":2},"end":{"line":78,"column":null}},"25":{"start":{"line":81,"column":2},"end":{"line":81,"column":null}},"26":{"start":{"line":84,"column":2},"end":{"line":84,"column":null}},"27":{"start":{"line":87,"column":2},"end":{"line":87,"column":null}},"28":{"start":{"line":22,"column":13},"end":{"line":88,"column":null}}},"fnMap":{"0":{"name":"(anonymous_2)","decl":{"start":{"line":26,"column":13},"end":{"line":26,"column":16}},"loc":{"start":{"line":26,"column":19},"end":{"line":26,"column":29}}},"1":{"name":"(anonymous_3)","decl":{"start":{"line":26,"column":31},"end":{"line":26,"column":32}},"loc":{"start":{"line":26,"column":41},"end":{"line":26,"column":56}}}},"branchMap":{},"s":{"0":2,"1":2,"2":2,"3":2,"4":2,"5":2,"6":0,"7":0,"8":2,"9":2,"10":2,"11":2,"12":2,"13":2,"14":2,"15":2,"16":2,"17":2,"18":2,"19":2,"20":2,"21":2,"22":2,"23":2,"24":2,"25":2,"26":2,"27":2,"28":2},"f":{"0":0,"1":0},"b":{}}
,"D:\\ai-api-tester\\backend\\src\\entities\\execution-log.entity.ts": {"path":"D:\\ai-api-tester\\backend\\src\\entities\\execution-log.entity.ts","statementMap":{"0":{"start":{"line":1,"column":0},"end":{"line":1,"column":94}},"1":{"start":{"line":2,"column":0},"end":{"line":2,"column":50}},"2":{"start":{"line":5,"column":7},"end":{"line":47,"column":null}},"3":{"start":{"line":5,"column":13},"end":{"line":5,"column":31}},"4":{"start":{"line":7,"column":2},"end":{"line":7,"column":null}},"5":{"start":{"line":10,"column":2},"end":{"line":10,"column":null}},"6":{"start":{"line":9,"column":19},"end":{"line":9,"column":32}},"7":{"start":{"line":13,"column":2},"end":{"line":13,"column":null}},"8":{"start":{"line":16,"column":2},"end":{"line":16,"column":null}},"9":{"start":{"line":19,"column":2},"end":{"line":19,"column":null}},"10":{"start":{"line":22,"column":2},"end":{"line":22,"column":null}},"11":{"start":{"line":25,"column":2},"end":{"line":25,"column":null}},"12":{"start":{"line":28,"column":2},"end":{"line":28,"column":null}},"13":{"start":{"line":31,"column":2},"end":{"line":31,"column":null}},"14":{"start":{"line":34,"column":2},"end":{"line":34,"column":null}},"15":{"start":{"line":37,"column":2},"end":{"line":37,"column":null}},"16":{"start":{"line":40,"column":2},"end":{"line":40,"column":null}},"17":{"start":{"line":43,"column":2},"end":{"line":43,"column":null}},"18":{"start":{"line":46,"column":2},"end":{"line":46,"column":null}},"19":{"start":{"line":5,"column":13},"end":{"line":47,"column":null}}},"fnMap":{"0":{"name":"(anonymous_2)","decl":{"start":{"line":9,"column":13},"end":{"line":9,"column":16}},"loc":{"start":{"line":9,"column":19},"end":{"line":9,"column":32}}}},"branchMap":{},"s":{"0":0,"1":0,"2":0,"3":0,"4":0,"5":0,"6":0,"7":0,"8":0,"9":0,"10":0,"11":0,"12":0,"13":0,"14":0,"15":0,"16":0,"17":0,"18":0,"19":0},"f":{"0":0},"b":{}}
,"D:\\ai-api-tester\\backend\\src\\entities\\saved-test-case.entity.ts": {"path":"D:\\ai-api-tester\\backend\\src\\entities\\saved-test-case.entity.ts","statementMap":{"0":{"start":{"line":1,"column":0},"end":{"line":1,"column":120}},"1":{"start":{"line":2,"column":0},"end":{"line":2,"column":50}},"2":{"start":{"line":6,"column":7},"end":{"line":51,"column":null}},"3":{"start":{"line":6,"column":13},"end":{"line":6,"column":32}},"4":{"start":{"line":8,"column":2},"end":{"line":8,"column":null}},"5":{"start":{"line":11,"column":2},"end":{"line":11,"column":null}},"6":{"start":{"line":10,"column":19},"end":{"line":10,"column":32}},"7":{"start":{"line":14,"column":2},"end":{"line":14,"column":null}},"8":{"start":{"line":17,"column":2},"end":{"line":17,"column":null}},"9":{"start":{"line":20,"column":2},"end":{"line":20,"column":null}},"10":{"start":{"line":23,"column":2},"end":{"line":23,"column":null}},"11":{"start":{"line":26,"column":2},"end":{"line":26,"column":null}},"12":{"start":{"line":29,"column":2},"end":{"line":29,"column":null}},"13":{"start":{"line":32,"column":2},"end":{"line":32,"column":null}},"14":{"start":{"line":35,"column":2},"end":{"line":35,"column":null}},"15":{"start":{"line":38,"column":2},"end":{"line":38,"column":null}},"16":{"start":{"line":41,"column":2},"end":{"line":41,"column":null}},"17":{"start":{"line":44,"column":2},"end":{"line":44,"column":null}},"18":{"start":{"line":47,"column":2},"end":{"line":47,"column":null}},"19":{"start":{"line":50,"column":2},"end":{"line":50,"column":null}},"20":{"start":{"line":6,"column":13},"end":{"line":51,"column":null}}},"fnMap":{"0":{"name":"(anonymous_2)","decl":{"start":{"line":10,"column":13},"end":{"line":10,"column":16}},"loc":{"start":{"line":10,"column":19},"end":{"line":10,"column":32}}}},"branchMap":{},"s":{"0":0,"1":0,"2":0,"3":0,"4":0,"5":0,"6":0,"7":0,"8":0,"9":0,"10":0,"11":0,"12":0,"13":0,"14":0,"15":0,"16":0,"17":0,"18":0,"19":0,"20":0},"f":{"0":0},"b":{}}
,"D:\\ai-api-tester\\backend\\src\\entities\\smart-mapping.entity.ts": {"path":"D:\\ai-api-tester\\backend\\src\\entities\\smart-mapping.entity.ts","statementMap":{"0":{"start":{"line":1,"column":0},"end":{"line":1,"column":120}},"1":{"start":{"line":2,"column":0},"end":{"line":2,"column":43}},"2":{"start":{"line":6,"column":7},"end":{"line":30,"column":null}},"3":{"start":{"line":6,"column":13},"end":{"line":6,"column":31}},"4":{"start":{"line":8,"column":2},"end":{"line":8,"column":null}},"5":{"start":{"line":11,"column":2},"end":{"line":11,"column":null}},"6":{"start":{"line":10,"column":19},"end":{"line":10,"column":29}},"7":{"start":{"line":10,"column":41},"end":{"line":10,"column":54}},"8":{"start":{"line":14,"column":2},"end":{"line":14,"column":null}},"9":{"start":{"line":17,"column":2},"end":{"line":17,"column":null}},"10":{"start":{"line":20,"column":2},"end":{"line":20,"column":null}},"11":{"start":{"line":23,"column":2},"end":{"line":23,"column":null}},"12":{"start":{"line":26,"column":2},"end":{"line":26,"column":null}},"13":{"start":{"line":29,"column":2},"end":{"line":29,"column":null}},"14":{"start":{"line":6,"column":13},"end":{"line":30,"column":null}}},"fnMap":{"0":{"name":"(anonymous_2)","decl":{"start":{"line":10,"column":13},"end":{"line":10,"column":16}},"loc":{"start":{"line":10,"column":19},"end":{"line":10,"column":29}}},"1":{"name":"(anonymous_3)","decl":{"start":{"line":10,"column":31},"end":{"line":10,"column":32}},"loc":{"start":{"line":10,"column":41},"end":{"line":10,"column":54}}}},"branchMap":{},"s":{"0":2,"1":2,"2":2,"3":2,"4":2,"5":2,"6":0,"7":0,"8":2,"9":2,"10":2,"11":2,"12":2,"13":2,"14":2},"f":{"0":0,"1":0},"b":{}}
,"D:\\ai-api-tester\\backend\\src\\entities\\stored-dataset.entity.ts": {"path":"D:\\ai-api-tester\\backend\\src\\entities\\stored-dataset.entity.ts","statementMap":{"0":{"start":{"line":1,"column":0},"end":{"line":1,"column":120}},"1":{"start":{"line":2,"column":0},"end":{"line":2,"column":43}},"2":{"start":{"line":6,"column":7},"end":{"line":33,"column":null}},"3":{"start":{"line":6,"column":13},"end":{"line":6,"column":32}},"4":{"start":{"line":8,"column":2},"end":{"line":8,"column":null}},"5":{"start":{"line":11,"column":2},"end":{"line":11,"column":null}},"6":{"start":{"line":10,"column":19},"end":{"line":10,"column":29}},"7":{"start":{"line":10,"column":41},"end":{"line":10,"column":54}},"8":{"start":{"line":14,"column":2},"end":{"line":14,"column":null}},"9":{"start":{"line":17,"column":2},"end":{"line":17,"column":null}},"10":{"start":{"line":20,"column":2},"end":{"line":20,"column":null}},"11":{"start":{"line":23,"column":2},"end":{"line":23,"column":null}},"12":{"start":{"line":26,"column":2},"end":{"line":26,"column":null}},"13":{"start":{"line":29,"column":2},"end":{"line":29,"column":null}},"14":{"start":{"line":32,"column":2},"end":{"line":32,"column":null}},"15":{"start":{"line":6,"column":13},"end":{"line":33,"column":null}}},"fnMap":{"0":{"name":"(anonymous_2)","decl":{"start":{"line":10,"column":13},"end":{"line":10,"column":16}},"loc":{"start":{"line":10,"column":19},"end":{"line":10,"column":29}}},"1":{"name":"(anonymous_3)","decl":{"start":{"line":10,"column":31},"end":{"line":10,"column":32}},"loc":{"start":{"line":10,"column":41},"end":{"line":10,"column":54}}}},"branchMap":{},"s":{"0":2,"1":2,"2":2,"3":2,"4":2,"5":2,"6":0,"7":0,"8":2,"9":2,"10":2,"11":2,"12":2,"13":2,"14":2,"15":2},"f":{"0":0,"1":0},"b":{}}
,"D:\\ai-api-tester\\backend\\src\\entities\\test-context.entity.ts": {"path":"D:\\ai-api-tester\\backend\\src\\entities\\test-context.entity.ts","statementMap":{"0":{"start":{"line":1,"column":0},"end":{"line":1,"column":101}},"1":{"start":{"line":11,"column":7},"end":{"line":44,"column":null}},"2":{"start":{"line":11,"column":13},"end":{"line":11,"column":30}},"3":{"start":{"line":13,"column":2},"end":{"line":13,"column":null}},"4":{"start":{"line":16,"column":2},"end":{"line":16,"column":null}},"5":{"start":{"line":19,"column":2},"end":{"line":19,"column":null}},"6":{"start":{"line":22,"column":2},"end":{"line":22,"column":null}},"7":{"start":{"line":25,"column":2},"end":{"line":25,"column":null}},"8":{"start":{"line":28,"column":2},"end":{"line":28,"column":null}},"9":{"start":{"line":31,"column":2},"end":{"line":37,"column":null}},"10":{"start":{"line":40,"column":2},"end":{"line":40,"column":null}},"11":{"start":{"line":43,"column":2},"end":{"line":43,"column":null}},"12":{"start":{"line":11,"column":13},"end":{"line":44,"column":null}}},"fnMap":{},"branchMap":{},"s":{"0":0,"1":0,"2":0,"3":0,"4":0,"5":0,"6":0,"7":0,"8":0,"9":0,"10":0,"11":0,"12":0},"f":{},"b":{}}
,"D:\\ai-api-tester\\backend\\src\\entities\\user.entity.ts": {"path":"D:\\ai-api-tester\\backend\\src\\entities\\user.entity.ts","statementMap":{"0":{"start":{"line":1,"column":0},"end":{"line":1,"column":112}},"1":{"start":{"line":2,"column":0},"end":{"line":2,"column":50}},"2":{"start":{"line":3,"column":0},"end":{"line":3,"column":62}},"3":{"start":{"line":4,"column":0},"end":{"line":4,"column":60}},"4":{"start":{"line":7,"column":7},"end":{"line":37,"column":null}},"5":{"start":{"line":7,"column":13},"end":{"line":7,"column":23}},"6":{"start":{"line":9,"column":2},"end":{"line":9,"column":null}},"7":{"start":{"line":12,"column":2},"end":{"line":12,"column":null}},"8":{"start":{"line":15,"column":2},"end":{"line":15,"column":null}},"9":{"start":{"line":18,"column":2},"end":{"line":18,"column":null}},"10":{"start":{"line":21,"column":2},"end":{"line":21,"column":null}},"11":{"start":{"line":24,"column":2},"end":{"line":24,"column":null}},"12":{"start":{"line":23,"column":19},"end":{"line":23,"column":32}},"13":{"start":{"line":23,"column":49},"end":{"line":23,"column":63}},"14":{"start":{"line":27,"column":2},"end":{"line":27,"column":null}},"15":{"start":{"line":26,"column":19},"end":{"line":26,"column":38}},"16":{"start":{"line":26,"column":53},"end":{"line":26,"column":65}},"17":{"start":{"line":30,"column":2},"end":{"line":30,"column":null}},"18":{"start":{"line":29,"column":19},"end":{"line":29,"column":37}},"19":{"start":{"line":29,"column":52},"end":{"line":29,"column":64}},"20":{"start":{"line":33,"column":2},"end":{"line":33,"column":null}},"21":{"start":{"line":36,"column":2},"end":{"line":36,"column":null}},"22":{"start":{"line":7,"column":13},"end":{"line":37,"column":null}}},"fnMap":{"0":{"name":"(anonymous_2)","decl":{"start":{"line":23,"column":13},"end":{"line":23,"column":16}},"loc":{"start":{"line":23,"column":19},"end":{"line":23,"column":32}}},"1":{"name":"(anonymous_3)","decl":{"start":{"line":23,"column":34},"end":{"line":23,"column":35}},"loc":{"start":{"line":23,"column":49},"end":{"line":23,"column":63}}},"2":{"name":"(anonymous_4)","decl":{"start":{"line":26,"column":13},"end":{"line":26,"column":16}},"loc":{"start":{"line":26,"column":19},"end":{"line":26,"column":38}}},"3":{"name":"(anonymous_5)","decl":{"start":{"line":26,"column":40},"end":{"line":26,"column":41}},"loc":{"start":{"line":26,"column":53},"end":{"line":26,"column":65}}},"4":{"name":"(anonymous_6)","decl":{"start":{"line":29,"column":13},"end":{"line":29,"column":16}},"loc":{"start":{"line":29,"column":19},"end":{"line":29,"column":37}}},"5":{"name":"(anonymous_7)","decl":{"start":{"line":29,"column":39},"end":{"line":29,"column":40}},"loc":{"start":{"line":29,"column":52},"end":{"line":29,"column":64}}}},"branchMap":{},"s":{"0":2,"1":2,"2":2,"3":2,"4":2,"5":2,"6":2,"7":2,"8":2,"9":2,"10":2,"11":2,"12":0,"13":0,"14":2,"15":0,"16":0,"17":2,"18":0,"19":0,"20":2,"21":2,"22":2},"f":{"0":0,"1":0,"2":0,"3":0,"4":0,"5":0},"b":{}}
,"D:\\ai-api-tester\\backend\\src\\modules\\ai-analyzer\\ai-analyzer.service.ts": {"path":"D:\\ai-api-tester\\backend\\src\\modules\\ai-analyzer\\ai-analyzer.service.ts","statementMap":{"0":{"start":{"line":1,"column":0},"end":{"line":1,"column":52}},"1":{"start":{"line":2,"column":0},"end":{"line":2,"column":28}},"2":{"start":{"line":5,"column":30},"end":{"line":130,"column":null}},"3":{"start":{"line":6,"column":19},"end":{"line":6,"column":63}},"4":{"start":{"line":10,"column":20},"end":{"line":10,"column":80}},"5":{"start":{"line":11,"column":4},"end":{"line":14,"column":7}},"6":{"start":{"line":18,"column":4},"end":{"line":39,"column":5}},"7":{"start":{"line":19,"column":6},"end":{"line":38,"column":7}},"8":{"start":{"line":20,"column":23},"end":{"line":23,"column":10}},"9":{"start":{"line":25,"column":8},"end":{"line":25,"column":35}},"10":{"start":{"line":26,"column":8},"end":{"line":30,"column":10}},"11":{"start":{"line":32,"column":8},"end":{"line":32,"column":78}},"12":{"start":{"line":33,"column":23},"end":{"line":36,"column":10}},"13":{"start":{"line":37,"column":8},"end":{"line":37,"column":70}},"14":{"start":{"line":41,"column":25},"end":{"line":41,"column":51}},"15":{"start":{"line":42,"column":4},"end":{"line":58,"column":5}},"16":{"start":{"line":43,"column":6},"end":{"line":57,"column":7}},"17":{"start":{"line":44,"column":23},"end":{"line":47,"column":10}},"18":{"start":{"line":49,"column":8},"end":{"line":49,"column":35}},"19":{"start":{"line":50,"column":8},"end":{"line":54,"column":10}},"20":{"start":{"line":56,"column":8},"end":{"line":56,"column":111}},"21":{"start":{"line":60,"column":20},"end":{"line":60,"column":80}},"22":{"start":{"line":61,"column":19},"end":{"line":64,"column":6}},"23":{"start":{"line":66,"column":28},"end":{"line":66,"column":87}},"24":{"start":{"line":67,"column":4},"end":{"line":85,"column":5}},"25":{"start":{"line":68,"column":19},"end":{"line":68,"column":45}},"26":{"start":{"line":69,"column":30},"end":{"line":69,"column":56}},"27":{"start":{"line":69,"column":51},"end":{"line":69,"column":55}},"28":{"start":{"line":70,"column":6},"end":{"line":72,"column":7}},"29":{"start":{"line":71,"column":8},"end":{"line":71,"column":66}},"30":{"start":{"line":73,"column":22},"end":{"line":76,"column":null}},"31":{"start":{"line":75,"column":10},"end":{"line":76,"column":65}},"32":{"start":{"line":78,"column":6},"end":{"line":78,"column":69}},"33":{"start":{"line":78,"column":19},"end":{"line":78,"column":69}},"34":{"start":{"line":79,"column":6},"end":{"line":82,"column":7}},"35":{"start":{"line":81,"column":8},"end":{"line":81,"column":54}},"36":{"start":{"line":87,"column":4},"end":{"line":87,"column":49}},"37":{"start":{"line":91,"column":32},"end":{"line":91,"column":74}},"38":{"start":{"line":92,"column":4},"end":{"line":92,"column":40}},"39":{"start":{"line":106,"column":4},"end":{"line":128,"column":5}},"40":{"start":{"line":107,"column":32},"end":{"line":107,"column":74}},"41":{"start":{"line":108,"column":21},"end":{"line":113,"column":60}},"42":{"start":{"line":115,"column":23},"end":{"line":122,"column":8}},"43":{"start":{"line":124,"column":6},"end":{"line":124,"column":82}},"44":{"start":{"line":126,"column":6},"end":{"line":126,"column":65}},"45":{"start":{"line":127,"column":6},"end":{"line":127,"column":117}},"46":{"start":{"line":5,"column":13},"end":{"line":5,"column":30}},"47":{"start":{"line":5,"column":13},"end":{"line":130,"column":null}}},"fnMap":{"0":{"name":"(anonymous_2)","decl":{"start":{"line":9,"column":2},"end":{"line":9,"column":null}},"loc":{"start":{"line":9,"column":2},"end":{"line":15,"column":3}}},"1":{"name":"(anonymous_3)","decl":{"start":{"line":17,"column":2},"end":{"line":17,"column":7}},"loc":{"start":{"line":17,"column":47},"end":{"line":88,"column":3}}},"2":{"name":"(anonymous_4)","decl":{"start":{"line":69,"column":44},"end":{"line":69,"column":45}},"loc":{"start":{"line":69,"column":51},"end":{"line":69,"column":55}}},"3":{"name":"(anonymous_5)","decl":{"start":{"line":74,"column":8},"end":{"line":74,"column":9}},"loc":{"start":{"line":75,"column":10},"end":{"line":76,"column":65}}},"4":{"name":"(anonymous_6)","decl":{"start":{"line":90,"column":2},"end":{"line":90,"column":7}},"loc":{"start":{"line":90,"column":48},"end":{"line":93,"column":3}}},"5":{"name":"(anonymous_7)","decl":{"start":{"line":95,"column":2},"end":{"line":95,"column":7}},"loc":{"start":{"line":104,"column":25},"end":{"line":129,"column":3}}}},"branchMap":{"0":{"loc":{"start":{"line":10,"column":20},"end":{"line":10,"column":80}},"type":"binary-expr","locations":[{"start":{"line":10,"column":20},"end":{"line":10,"column":49}},{"start":{"line":10,"column":53},"end":{"line":10,"column":80}}]},"1":{"loc":{"start":{"line":18,"column":4},"end":{"line":39,"column":5}},"type":"if","locations":[{"start":{"line":18,"column":4},"end":{"line":39,"column":5}}]},"2":{"loc":{"start":{"line":42,"column":4},"end":{"line":58,"column":5}},"type":"if","locations":[{"start":{"line":42,"column":4},"end":{"line":58,"column":5}}]},"3":{"loc":{"start":{"line":60,"column":20},"end":{"line":60,"column":80}},"type":"binary-expr","locations":[{"start":{"line":60,"column":20},"end":{"line":60,"column":49}},{"start":{"line":60,"column":53},"end":{"line":60,"column":80}}]},"4":{"loc":{"start":{"line":66,"column":28},"end":{"line":66,"column":87}},"type":"binary-expr","locations":[{"start":{"line":66,"column":28},"end":{"line":66,"column":54}},{"start":{"line":66,"column":58},"end":{"line":66,"column":87}}]},"5":{"loc":{"start":{"line":70,"column":6},"end":{"line":72,"column":7}},"type":"if","locations":[{"start":{"line":70,"column":6},"end":{"line":72,"column":7}}]},"6":{"loc":{"start":{"line":75,"column":10},"end":{"line":76,"column":65}},"type":"binary-expr","locations":[{"start":{"line":75,"column":10},"end":{"line":75,"column":43}},{"start":{"line":76,"column":10},"end":{"line":76,"column":65}}]},"7":{"loc":{"start":{"line":78,"column":6},"end":{"line":78,"column":69}},"type":"if","locations":[{"start":{"line":78,"column":6},"end":{"line":78,"column":69}}]},"8":{"loc":{"start":{"line":79,"column":6},"end":{"line":82,"column":7}},"type":"if","locations":[{"start":{"line":79,"column":6},"end":{"line":82,"column":7}}]},"9":{"loc":{"start":{"line":92,"column":11},"end":{"line":92,"column":39}},"type":"cond-expr","locations":[{"start":{"line":92,"column":22},"end":{"line":92,"column":27}},{"start":{"line":92,"column":30},"end":{"line":92,"column":39}}]},"10":{"loc":{"start":{"line":113,"column":32},"end":{"line":113,"column":57}},"type":"binary-expr","locations":[{"start":{"line":113,"column":32},"end":{"line":113,"column":51}},{"start":{"line":113,"column":55},"end":{"line":113,"column":57}}]},"11":{"loc":{"start":{"line":124,"column":13},"end":{"line":124,"column":81}},"type":"binary-expr","locations":[{"start":{"line":124,"column":13},"end":{"line":124,"column":51}},{"start":{"line":124,"column":55},"end":{"line":124,"column":81}}]}},"s":{"0":1,"1":1,"2":1,"3":1,"4":1,"5":1,"6":0,"7":0,"8":0,"9":0,"10":0,"11":0,"12":0,"13":0,"14":0,"15":0,"16":0,"17":0,"18":0,"19":0,"20":0,"21":0,"22":0,"23":0,"24":0,"25":0,"26":0,"27":0,"28":0,"29":0,"30":0,"31":0,"32":0,"33":0,"34":0,"35":0,"36":0,"37":0,"38":0,"39":0,"40":0,"41":0,"42":0,"43":0,"44":0,"45":0,"46":1,"47":1},"f":{"0":1,"1":0,"2":0,"3":0,"4":0,"5":0},"b":{"0":[1,1],"1":[0],"2":[0],"3":[0,0],"4":[0,0],"5":[0],"6":[0,0],"7":[0],"8":[0],"9":[0,0],"10":[0,0],"11":[0,0]}}
,"D:\\ai-api-tester\\backend\\src\\modules\\auth\\auth.controller.ts": {"path":"D:\\ai-api-tester\\backend\\src\\modules\\auth\\auth.controller.ts","statementMap":{"0":{"start":{"line":1,"column":0},"end":{"line":1,"column":98}},"1":{"start":{"line":2,"column":0},"end":{"line":2,"column":45}},"2":{"start":{"line":3,"column":0},"end":{"line":3,"column":48}},"3":{"start":{"line":6,"column":7},"end":{"line":44,"column":null}},"4":{"start":{"line":7,"column":31},"end":{"line":7,"column":44}},"5":{"start":{"line":11,"column":4},"end":{"line":13,"column":5}},"6":{"start":{"line":12,"column":6},"end":{"line":12,"column":71}},"7":{"start":{"line":14,"column":17},"end":{"line":14,"column":86}},"8":{"start":{"line":15,"column":4},"end":{"line":15,"column":63}},"9":{"start":{"line":20,"column":4},"end":{"line":22,"column":5}},"10":{"start":{"line":21,"column":6},"end":{"line":21,"column":71}},"11":{"start":{"line":23,"column":4},"end":{"line":23,"column":61}},"12":{"start":{"line":29,"column":17},"end":{"line":29,"column":62}},"13":{"start":{"line":30,"column":4},"end":{"line":35,"column":6}},"14":{"start":{"line":41,"column":4},"end":{"line":41,"column":72}},"15":{"start":{"line":42,"column":4},"end":{"line":42,"column":29}},"16":{"start":{"line":6,"column":13},"end":{"line":6,"column":27}},"17":{"start":{"line":10,"column":8},"end":{"line":16,"column":null}},"18":{"start":{"line":19,"column":8},"end":{"line":24,"column":null}},"19":{"start":{"line":28,"column":8},"end":{"line":36,"column":null}},"20":{"start":{"line":40,"column":8},"end":{"line":43,"column":null}},"21":{"start":{"line":6,"column":13},"end":{"line":44,"column":null}}},"fnMap":{"0":{"name":"(anonymous_4)","decl":{"start":{"line":7,"column":2},"end":{"line":7,"column":31}},"loc":{"start":{"line":7,"column":55},"end":{"line":7,"column":59}}},"1":{"name":"(anonymous_5)","decl":{"start":{"line":10,"column":2},"end":{"line":10,"column":7}},"loc":{"start":{"line":10,"column":83},"end":{"line":16,"column":3}}},"2":{"name":"(anonymous_6)","decl":{"start":{"line":19,"column":2},"end":{"line":19,"column":7}},"loc":{"start":{"line":19,"column":65},"end":{"line":24,"column":3}}},"3":{"name":"(anonymous_7)","decl":{"start":{"line":28,"column":2},"end":{"line":28,"column":7}},"loc":{"start":{"line":28,"column":29},"end":{"line":36,"column":3}}},"4":{"name":"(anonymous_8)","decl":{"start":{"line":40,"column":2},"end":{"line":40,"column":7}},"loc":{"start":{"line":40,"column":72},"end":{"line":43,"column":3}}}},"branchMap":{"0":{"loc":{"start":{"line":11,"column":4},"end":{"line":13,"column":5}},"type":"if","locations":[{"start":{"line":11,"column":4},"end":{"line":13,"column":5}}]},"1":{"loc":{"start":{"line":11,"column":8},"end":{"line":11,"column":37}},"type":"binary-expr","locations":[{"start":{"line":11,"column":8},"end":{"line":11,"column":19}},{"start":{"line":11,"column":23},"end":{"line":11,"column":37}}]},"2":{"loc":{"start":{"line":20,"column":4},"end":{"line":22,"column":5}},"type":"if","locations":[{"start":{"line":20,"column":4},"end":{"line":22,"column":5}}]},"3":{"loc":{"start":{"line":20,"column":8},"end":{"line":20,"column":37}},"type":"binary-expr","locations":[{"start":{"line":20,"column":8},"end":{"line":20,"column":19}},{"start":{"line":20,"column":23},"end":{"line":20,"column":37}}]}},"s":{"0":0,"1":0,"2":0,"3":0,"4":0,"5":0,"6":0,"7":0,"8":0,"9":0,"10":0,"11":0,"12":0,"13":0,"14":0,"15":0,"16":0,"17":0,"18":0,"19":0,"20":0,"21":0},"f":{"0":0,"1":0,"2":0,"3":0,"4":0},"b":{"0":[0],"1":[0,0],"2":[0],"3":[0,0]}}
,"D:\\ai-api-tester\\backend\\src\\modules\\auth\\auth.module.ts": {"path":"D:\\ai-api-tester\\backend\\src\\modules\\auth\\auth.module.ts","statementMap":{"0":{"start":{"line":1,"column":0},"end":{"line":1,"column":40}},"1":{"start":{"line":2,"column":0},"end":{"line":2,"column":48}},"2":{"start":{"line":3,"column":0},"end":{"line":3,"column":56}},"3":{"start":{"line":4,"column":0},"end":{"line":4,"column":45}},"4":{"start":{"line":5,"column":0},"end":{"line":5,"column":51}},"5":{"start":{"line":13,"column":7},"end":{"line":13,"column":null}},"6":{"start":{"line":13,"column":13},"end":{"line":13,"column":23}},"7":{"start":{"line":13,"column":13},"end":{"line":13,"column":null}}},"fnMap":{},"branchMap":{},"s":{"0":0,"1":0,"2":0,"3":0,"4":0,"5":0,"6":0,"7":0},"f":{},"b":{}}
,"D:\\ai-api-tester\\backend\\src\\modules\\auth\\auth.service.ts": {"path":"D:\\ai-api-tester\\backend\\src\\modules\\auth\\auth.service.ts","statementMap":{"0":{"start":{"line":1,"column":0},"end":{"line":1,"column":105}},"1":{"start":{"line":2,"column":0},"end":{"line":2,"column":51}},"2":{"start":{"line":3,"column":0},"end":{"line":3,"column":37}},"3":{"start":{"line":4,"column":0},"end":{"line":4,"column":56}},"4":{"start":{"line":5,"column":0},"end":{"line":5,"column":35}},"5":{"start":{"line":6,"column":0},"end":{"line":6,"column":36}},"6":{"start":{"line":7,"column":0},"end":{"line":7,"column":46}},"7":{"start":{"line":10,"column":7},"end":{"line":77,"column":null}},"8":{"start":{"line":13,"column":21},"end":{"line":13,"column":37}},"9":{"start":{"line":17,"column":23},"end":{"line":17,"column":49}},"10":{"start":{"line":18,"column":21},"end":{"line":18,"column":79}},"11":{"start":{"line":19,"column":4},"end":{"line":21,"column":5}},"12":{"start":{"line":20,"column":6},"end":{"line":20,"column":62}},"13":{"start":{"line":23,"column":25},"end":{"line":23,"column":56}},"14":{"start":{"line":24,"column":17},"end":{"line":24,"column":33}},"15":{"start":{"line":25,"column":4},"end":{"line":25,"column":28}},"16":{"start":{"line":26,"column":4},"end":{"line":26,"column":37}},"17":{"start":{"line":27,"column":4},"end":{"line":27,"column":42}},"18":{"start":{"line":29,"column":4},"end":{"line":29,"column":42}},"19":{"start":{"line":33,"column":23},"end":{"line":33,"column":49}},"20":{"start":{"line":34,"column":17},"end":{"line":34,"column":75}},"21":{"start":{"line":35,"column":4},"end":{"line":37,"column":5}},"22":{"start":{"line":36,"column":6},"end":{"line":36,"column":67}},"23":{"start":{"line":39,"column":20},"end":{"line":39,"column":69}},"24":{"start":{"line":40,"column":4},"end":{"line":42,"column":5}},"25":{"start":{"line":41,"column":6},"end":{"line":41,"column":67}},"26":{"start":{"line":44,"column":18},"end":{"line":47,"column":null}},"27":{"start":{"line":50,"column":4},"end":{"line":58,"column":6}},"28":{"start":{"line":62,"column":17},"end":{"line":62,"column":68}},"29":{"start":{"line":63,"column":4},"end":{"line":65,"column":5}},"30":{"start":{"line":64,"column":6},"end":{"line":64,"column":52}},"31":{"start":{"line":66,"column":4},"end":{"line":66,"column":16}},"32":{"start":{"line":70,"column":17},"end":{"line":70,"column":68}},"33":{"start":{"line":71,"column":4},"end":{"line":73,"column":5}},"34":{"start":{"line":72,"column":6},"end":{"line":72,"column":52}},"35":{"start":{"line":74,"column":4},"end":{"line":74,"column":73}},"36":{"start":{"line":75,"column":4},"end":{"line":75,"column":42}},"37":{"start":{"line":10,"column":13},"end":{"line":10,"column":24}},"38":{"start":{"line":10,"column":13},"end":{"line":77,"column":null}}},"fnMap":{"0":{"name":"(anonymous_4)","decl":{"start":{"line":11,"column":2},"end":{"line":11,"column":null}},"loc":{"start":{"line":13,"column":59},"end":{"line":14,"column":6}}},"1":{"name":"(anonymous_5)","decl":{"start":{"line":16,"column":2},"end":{"line":16,"column":7}},"loc":{"start":{"line":16,"column":63},"end":{"line":30,"column":3}}},"2":{"name":"(anonymous_6)","decl":{"start":{"line":32,"column":2},"end":{"line":32,"column":7}},"loc":{"start":{"line":32,"column":45},"end":{"line":59,"column":3}}},"3":{"name":"(anonymous_7)","decl":{"start":{"line":61,"column":2},"end":{"line":61,"column":7}},"loc":{"start":{"line":61,"column":28},"end":{"line":67,"column":3}}},"4":{"name":"(anonymous_8)","decl":{"start":{"line":69,"column":2},"end":{"line":69,"column":7}},"loc":{"start":{"line":69,"column":53},"end":{"line":76,"column":3}}}},"branchMap":{"0":{"loc":{"start":{"line":19,"column":4},"end":{"line":21,"column":5}},"type":"if","locations":[{"start":{"line":19,"column":4},"end":{"line":21,"column":5}}]},"1":{"loc":{"start":{"line":27,"column":16},"end":{"line":27,"column":41}},"type":"binary-expr","locations":[{"start":{"line":27,"column":16},"end":{"line":27,"column":28}},{"start":{"line":27,"column":32},"end":{"line":27,"column":41}}]},"2":{"loc":{"start":{"line":35,"column":4},"end":{"line":37,"column":5}},"type":"if","locations":[{"start":{"line":35,"column":4},"end":{"line":37,"column":5}}]},"3":{"loc":{"start":{"line":40,"column":4},"end":{"line":42,"column":5}},"type":"if","locations":[{"start":{"line":40,"column":4},"end":{"line":42,"column":5}}]},"4":{"loc":{"start":{"line":56,"column":22},"end":{"line":56,"column":52}},"type":"binary-expr","locations":[{"start":{"line":56,"column":22},"end":{"line":56,"column":39}},{"start":{"line":56,"column":43},"end":{"line":56,"column":52}}]},"5":{"loc":{"start":{"line":63,"column":4},"end":{"line":65,"column":5}},"type":"if","locations":[{"start":{"line":63,"column":4},"end":{"line":65,"column":5}}]},"6":{"loc":{"start":{"line":71,"column":4},"end":{"line":73,"column":5}},"type":"if","locations":[{"start":{"line":71,"column":4},"end":{"line":73,"column":5}}]},"7":{"loc":{"start":{"line":74,"column":24},"end":{"line":74,"column":72}},"type":"cond-expr","locations":[{"start":{"line":74,"column":46},"end":{"line":74,"column":65}},{"start":{"line":74,"column":68},"end":{"line":74,"column":72}}]}},"s":{"0":1,"1":1,"2":1,"3":1,"4":1,"5":1,"6":1,"7":1,"8":7,"9":3,"10":3,"11":3,"12":1,"13":2,"14":2,"15":2,"16":2,"17":2,"18":2,"19":3,"20":3,"21":3,"22":1,"23":2,"24":2,"25":1,"26":1,"27":1,"28":0,"29":0,"30":0,"31":0,"32":0,"33":0,"34":0,"35":0,"36":0,"37":1,"38":1},"f":{"0":7,"1":3,"2":3,"3":0,"4":0},"b":{"0":[1],"1":[2,1],"2":[1],"3":[1],"4":[1,0],"5":[0],"6":[0],"7":[0,0]}}
,"D:\\ai-api-tester\\backend\\src\\modules\\auth\\jwt-auth.guard.ts": {"path":"D:\\ai-api-tester\\backend\\src\\modules\\auth\\jwt-auth.guard.ts","statementMap":{"0":{"start":{"line":1,"column":0},"end":{"line":1,"column":98}},"1":{"start":{"line":2,"column":0},"end":{"line":2,"column":36}},"2":{"start":{"line":4,"column":13},"end":{"line":4,"column":89}},"3":{"start":{"line":7,"column":7},"end":{"line":28,"column":null}},"4":{"start":{"line":9,"column":20},"end":{"line":9,"column":55}},"5":{"start":{"line":10,"column":23},"end":{"line":10,"column":52}},"6":{"start":{"line":11,"column":4},"end":{"line":13,"column":5}},"7":{"start":{"line":12,"column":6},"end":{"line":12,"column":71}},"8":{"start":{"line":15,"column":28},"end":{"line":15,"column":49}},"9":{"start":{"line":16,"column":4},"end":{"line":18,"column":5}},"10":{"start":{"line":17,"column":6},"end":{"line":17,"column":70}},"11":{"start":{"line":20,"column":4},"end":{"line":26,"column":5}},"12":{"start":{"line":21,"column":22},"end":{"line":21,"column":88}},"13":{"start":{"line":22,"column":6},"end":{"line":22,"column":29}},"14":{"start":{"line":23,"column":6},"end":{"line":23,"column":18}},"15":{"start":{"line":25,"column":6},"end":{"line":25,"column":66}},"16":{"start":{"line":7,"column":13},"end":{"line":7,"column":25}},"17":{"start":{"line":7,"column":13},"end":{"line":28,"column":null}}},"fnMap":{"0":{"name":"(anonymous_1)","decl":{"start":{"line":8,"column":2},"end":{"line":8,"column":13}},"loc":{"start":{"line":8,"column":39},"end":{"line":27,"column":3}}}},"branchMap":{"0":{"loc":{"start":{"line":4,"column":26},"end":{"line":4,"column":88}},"type":"binary-expr","locations":[{"start":{"line":4,"column":26},"end":{"line":4,"column":48}},{"start":{"line":4,"column":52},"end":{"line":4,"column":88}}]},"1":{"loc":{"start":{"line":11,"column":4},"end":{"line":13,"column":5}},"type":"if","locations":[{"start":{"line":11,"column":4},"end":{"line":13,"column":5}}]},"2":{"loc":{"start":{"line":16,"column":4},"end":{"line":18,"column":5}},"type":"if","locations":[{"start":{"line":16,"column":4},"end":{"line":18,"column":5}}]},"3":{"loc":{"start":{"line":16,"column":8},"end":{"line":16,"column":51}},"type":"binary-expr","locations":[{"start":{"line":16,"column":8},"end":{"line":16,"column":41}},{"start":{"line":16,"column":45},"end":{"line":16,"column":51}}]}},"s":{"0":1,"1":1,"2":1,"3":1,"4":0,"5":0,"6":0,"7":0,"8":0,"9":0,"10":0,"11":0,"12":0,"13":0,"14":0,"15":0,"16":1,"17":1},"f":{"0":0},"b":{"0":[1,1],"1":[0],"2":[0],"3":[0,0]}}
,"D:\\ai-api-tester\\backend\\src\\modules\\context\\context.service.ts": {"path":"D:\\ai-api-tester\\backend\\src\\modules\\context\\context.service.ts","statementMap":{"0":{"start":{"line":1,"column":0},"end":{"line":1,"column":44}},"1":{"start":{"line":11,"column":7},"end":{"line":54,"column":null}},"2":{"start":{"line":19,"column":46},"end":{"line":19,"column":48}},"3":{"start":{"line":22,"column":4},"end":{"line":24,"column":5}},"4":{"start":{"line":23,"column":6},"end":{"line":23,"column":54}},"5":{"start":{"line":27,"column":4},"end":{"line":31,"column":5}},"6":{"start":{"line":28,"column":6},"end":{"line":30,"column":9}},"7":{"start":{"line":29,"column":8},"end":{"line":29,"column":34}},"8":{"start":{"line":34,"column":4},"end":{"line":38,"column":5}},"9":{"start":{"line":35,"column":6},"end":{"line":37,"column":9}},"10":{"start":{"line":36,"column":8},"end":{"line":36,"column":34}},"11":{"start":{"line":41,"column":4},"end":{"line":43,"column":5}},"12":{"start":{"line":42,"column":6},"end":{"line":42,"column":52}},"13":{"start":{"line":46,"column":4},"end":{"line":50,"column":5}},"14":{"start":{"line":47,"column":6},"end":{"line":49,"column":9}},"15":{"start":{"line":48,"column":8},"end":{"line":48,"column":34}},"16":{"start":{"line":52,"column":4},"end":{"line":52,"column":20}},"17":{"start":{"line":11,"column":13},"end":{"line":11,"column":27}},"18":{"start":{"line":11,"column":13},"end":{"line":54,"column":null}}},"fnMap":{"0":{"name":"(anonymous_1)","decl":{"start":{"line":12,"column":2},"end":{"line":12,"column":26}},"loc":{"start":{"line":18,"column":3},"end":{"line":53,"column":3}}},"1":{"name":"(anonymous_2)","decl":{"start":{"line":28,"column":37},"end":{"line":28,"column":38}},"loc":{"start":{"line":28,"column":43},"end":{"line":30,"column":7}}},"2":{"name":"(anonymous_3)","decl":{"start":{"line":35,"column":42},"end":{"line":35,"column":43}},"loc":{"start":{"line":35,"column":48},"end":{"line":37,"column":7}}},"3":{"name":"(anonymous_4)","decl":{"start":{"line":47,"column":38},"end":{"line":47,"column":39}},"loc":{"start":{"line":47,"column":44},"end":{"line":49,"column":7}}}},"branchMap":{"0":{"loc":{"start":{"line":22,"column":4},"end":{"line":24,"column":5}},"type":"if","locations":[{"start":{"line":22,"column":4},"end":{"line":24,"column":5}}]},"1":{"loc":{"start":{"line":27,"column":4},"end":{"line":31,"column":5}},"type":"if","locations":[{"start":{"line":27,"column":4},"end":{"line":31,"column":5}}]},"2":{"loc":{"start":{"line":34,"column":4},"end":{"line":38,"column":5}},"type":"if","locations":[{"start":{"line":34,"column":4},"end":{"line":38,"column":5}}]},"3":{"loc":{"start":{"line":41,"column":4},"end":{"line":43,"column":5}},"type":"if","locations":[{"start":{"line":41,"column":4},"end":{"line":43,"column":5}}]},"4":{"loc":{"start":{"line":46,"column":4},"end":{"line":50,"column":5}},"type":"if","locations":[{"start":{"line":46,"column":4},"end":{"line":50,"column":5}}]}},"s":{"0":1,"1":1,"2":1,"3":1,"4":1,"5":1,"6":1,"7":1,"8":1,"9":1,"10":1,"11":1,"12":1,"13":1,"14":1,"15":1,"16":1,"17":1,"18":1},"f":{"0":1,"1":1,"2":1,"3":1},"b":{"0":[1],"1":[1],"2":[1],"3":[1],"4":[1]}}
,"D:\\ai-api-tester\\backend\\src\\modules\\dataset\\dataset.controller.ts": {"path":"D:\\ai-api-tester\\backend\\src\\modules\\dataset\\dataset.controller.ts","statementMap":{"0":{"start":{"line":1,"column":0},"end":{"line":1,"column":77}},"1":{"start":{"line":2,"column":0},"end":{"line":2,"column":51}},"2":{"start":{"line":3,"column":0},"end":{"line":3,"column":37}},"3":{"start":{"line":4,"column":0},"end":{"line":4,"column":75}},"4":{"start":{"line":5,"column":0},"end":{"line":5,"column":51}},"5":{"start":{"line":6,"column":0},"end":{"line":6,"column":54}},"6":{"start":{"line":10,"column":7},"end":{"line":83,"column":null}},"7":{"start":{"line":12,"column":21},"end":{"line":12,"column":37}},"8":{"start":{"line":14,"column":21},"end":{"line":14,"column":40}},"9":{"start":{"line":19,"column":17},"end":{"line":21,"column":6}},"10":{"start":{"line":22,"column":4},"end":{"line":27,"column":8}},"11":{"start":{"line":22,"column":28},"end":{"line":27,"column":6}},"12":{"start":{"line":35,"column":19},"end":{"line":35,"column":74}},"13":{"start":{"line":36,"column":4},"end":{"line":52,"column":5}},"14":{"start":{"line":37,"column":20},"end":{"line":39,"column":8}},"15":{"start":{"line":40,"column":6},"end":{"line":44,"column":7}},"16":{"start":{"line":41,"column":8},"end":{"line":41,"column":44}},"17":{"start":{"line":42,"column":8},"end":{"line":42,"column":47}},"18":{"start":{"line":43,"column":8},"end":{"line":43,"column":54}},"19":{"start":{"line":45,"column":6},"end":{"line":45,"column":51}},"20":{"start":{"line":46,"column":6},"end":{"line":46,"column":73}},"21":{"start":{"line":47,"column":6},"end":{"line":47,"column":39}},"22":{"start":{"line":48,"column":6},"end":{"line":48,"column":51}},"23":{"start":{"line":50,"column":20},"end":{"line":50,"column":62}},"24":{"start":{"line":51,"column":6},"end":{"line":51,"column":47}},"25":{"start":{"line":53,"column":4},"end":{"line":53,"column":71}},"26":{"start":{"line":57,"column":4},"end":{"line":59,"column":5}},"27":{"start":{"line":58,"column":6},"end":{"line":58,"column":16}},"28":{"start":{"line":60,"column":27},"end":{"line":60,"column":29}},"29":{"start":{"line":61,"column":4},"end":{"line":80,"column":7}},"30":{"start":{"line":62,"column":18},"end":{"line":62,"column":26}},"31":{"start":{"line":63,"column":24},"end":{"line":63,"column":57}},"32":{"start":{"line":64,"column":6},"end":{"line":79,"column":7}},"33":{"start":{"line":65,"column":8},"end":{"line":76,"column":9}},"34":{"start":{"line":66,"column":28},"end":{"line":66,"column":34}},"35":{"start":{"line":67,"column":10},"end":{"line":72,"column":11}},"36":{"start":{"line":68,"column":12},"end":{"line":68,"column":33}},"37":{"start":{"line":69,"column":12},"end":{"line":69,"column":65}},"38":{"start":{"line":71,"column":12},"end":{"line":71,"column":33}},"39":{"start":{"line":74,"column":10},"end":{"line":74,"column":31}},"40":{"start":{"line":75,"column":10},"end":{"line":75,"column":57}},"41":{"start":{"line":78,"column":8},"end":{"line":78,"column":29}},"42":{"start":{"line":81,"column":4},"end":{"line":81,"column":16}},"43":{"start":{"line":10,"column":13},"end":{"line":10,"column":30}},"44":{"start":{"line":18,"column":8},"end":{"line":28,"column":null}},"45":{"start":{"line":31,"column":8},"end":{"line":54,"column":null}},"46":{"start":{"line":10,"column":13},"end":{"line":83,"column":null}}},"fnMap":{"0":{"name":"(anonymous_4)","decl":{"start":{"line":11,"column":2},"end":{"line":11,"column":null}},"loc":{"start":{"line":14,"column":71},"end":{"line":15,"column":6}}},"1":{"name":"(anonymous_5)","decl":{"start":{"line":18,"column":2},"end":{"line":18,"column":7}},"loc":{"start":{"line":18,"column":35},"end":{"line":28,"column":3}}},"2":{"name":"(anonymous_6)","decl":{"start":{"line":22,"column":20},"end":{"line":22,"column":21}},"loc":{"start":{"line":22,"column":28},"end":{"line":27,"column":6}}},"3":{"name":"(anonymous_7)","decl":{"start":{"line":31,"column":2},"end":{"line":31,"column":7}},"loc":{"start":{"line":33,"column":84},"end":{"line":54,"column":3}}},"4":{"name":"(anonymous_8)","decl":{"start":{"line":56,"column":10},"end":{"line":56,"column":21}},"loc":{"start":{"line":56,"column":43},"end":{"line":82,"column":3}}},"5":{"name":"(anonymous_9)","decl":{"start":{"line":61,"column":29},"end":{"line":61,"column":30}},"loc":{"start":{"line":61,"column":37},"end":{"line":80,"column":5}}}},"branchMap":{"0":{"loc":{"start":{"line":36,"column":4},"end":{"line":52,"column":5}},"type":"if","locations":[{"start":{"line":36,"column":4},"end":{"line":52,"column":5}}]},"1":{"loc":{"start":{"line":40,"column":6},"end":{"line":44,"column":7}},"type":"if","locations":[{"start":{"line":40,"column":6},"end":{"line":44,"column":7}}]},"2":{"loc":{"start":{"line":46,"column":48},"end":{"line":46,"column":71}},"type":"binary-expr","locations":[{"start":{"line":46,"column":48},"end":{"line":46,"column":65}},{"start":{"line":46,"column":69},"end":{"line":46,"column":71}}]},"3":{"loc":{"start":{"line":56,"column":32},"end":{"line":56,"column":43}},"type":"default-arg","locations":[{"start":{"line":56,"column":41},"end":{"line":56,"column":43}}]},"4":{"loc":{"start":{"line":57,"column":4},"end":{"line":59,"column":5}},"type":"if","locations":[{"start":{"line":57,"column":4},"end":{"line":59,"column":5}}]},"5":{"loc":{"start":{"line":57,"column":8},"end":{"line":57,"column":47}},"type":"binary-expr","locations":[{"start":{"line":57,"column":8},"end":{"line":57,"column":31}},{"start":{"line":57,"column":35},"end":{"line":57,"column":47}}]},"6":{"loc":{"start":{"line":63,"column":24},"end":{"line":63,"column":57}},"type":"cond-expr","locations":[{"start":{"line":63,"column":33},"end":{"line":63,"column":51}},{"start":{"line":63,"column":54},"end":{"line":63,"column":57}}]},"7":{"loc":{"start":{"line":64,"column":6},"end":{"line":79,"column":7}},"type":"if","locations":[{"start":{"line":64,"column":6},"end":{"line":79,"column":7}},{"start":{"line":77,"column":13},"end":{"line":79,"column":7}}]},"8":{"loc":{"start":{"line":64,"column":10},"end":{"line":64,"column":49}},"type":"binary-expr","locations":[{"start":{"line":64,"column":10},"end":{"line":64,"column":33}},{"start":{"line":64,"column":37},"end":{"line":64,"column":49}}]},"9":{"loc":{"start":{"line":65,"column":8},"end":{"line":76,"column":9}},"type":"if","locations":[{"start":{"line":65,"column":8},"end":{"line":76,"column":9}},{"start":{"line":73,"column":15},"end":{"line":76,"column":9}}]},"10":{"loc":{"start":{"line":67,"column":10},"end":{"line":72,"column":11}},"type":"if","locations":[{"start":{"line":67,"column":10},"end":{"line":72,"column":11}},{"start":{"line":70,"column":17},"end":{"line":72,"column":11}}]},"11":{"loc":{"start":{"line":67,"column":14},"end":{"line":67,"column":65}},"type":"binary-expr","locations":[{"start":{"line":67,"column":14},"end":{"line":67,"column":43}},{"start":{"line":67,"column":47},"end":{"line":67,"column":65}}]}},"s":{"0":0,"1":0,"2":0,"3":0,"4":0,"5":0,"6":0,"7":0,"8":0,"9":0,"10":0,"11":0,"12":0,"13":0,"14":0,"15":0,"16":0,"17":0,"18":0,"19":0,"20":0,"21":0,"22":0,"23":0,"24":0,"25":0,"26":0,"27":0,"28":0,"29":0,"30":0,"31":0,"32":0,"33":0,"34":0,"35":0,"36":0,"37":0,"38":0,"39":0,"40":0,"41":0,"42":0,"43":0,"44":0,"45":0,"46":0},"f":{"0":0,"1":0,"2":0,"3":0,"4":0,"5":0},"b":{"0":[0],"1":[0],"2":[0,0],"3":[0],"4":[0],"5":[0,0],"6":[0,0],"7":[0,0],"8":[0,0],"9":[0,0],"10":[0,0],"11":[0,0]}}
,"D:\\ai-api-tester\\backend\\src\\modules\\dataset\\dataset.service.ts": {"path":"D:\\ai-api-tester\\backend\\src\\modules\\dataset\\dataset.service.ts","statementMap":{"0":{"start":{"line":1,"column":0},"end":{"line":1,"column":44}},"1":{"start":{"line":13,"column":7},"end":{"line":64,"column":null}},"2":{"start":{"line":15,"column":45},"end":{"line":15,"column":47}},"3":{"start":{"line":17,"column":4},"end":{"line":26,"column":5}},"4":{"start":{"line":18,"column":6},"end":{"line":18,"column":89}},"5":{"start":{"line":18,"column":46},"end":{"line":18,"column":87}},"6":{"start":{"line":19,"column":11},"end":{"line":26,"column":5}},"7":{"start":{"line":21,"column":22},"end":{"line":21,"column":61}},"8":{"start":{"line":22,"column":23},"end":{"line":22,"column":86}},"9":{"start":{"line":22,"column":58},"end":{"line":22,"column":85}},"10":{"start":{"line":23,"column":6},"end":{"line":25,"column":7}},"11":{"start":{"line":24,"column":8},"end":{"line":24,"column":140}},"12":{"start":{"line":24,"column":68},"end":{"line":24,"column":109}},"13":{"start":{"line":28,"column":4},"end":{"line":31,"column":6}},"14":{"start":{"line":39,"column":4},"end":{"line":39,"column":52}},"15":{"start":{"line":39,"column":42},"end":{"line":39,"column":52}},"16":{"start":{"line":41,"column":4},"end":{"line":62,"column":5}},"17":{"start":{"line":43,"column":8},"end":{"line":43,"column":28}},"18":{"start":{"line":45,"column":8},"end":{"line":45,"column":45}},"19":{"start":{"line":47,"column":28},"end":{"line":47,"column":70}},"20":{"start":{"line":48,"column":8},"end":{"line":48,"column":38}},"21":{"start":{"line":50,"column":8},"end":{"line":50,"column":23}},"22":{"start":{"line":52,"column":8},"end":{"line":52,"column":53}},"23":{"start":{"line":54,"column":18},"end":{"line":54,"column":37}},"24":{"start":{"line":55,"column":25},"end":{"line":55,"column":69}},"25":{"start":{"line":55,"column":49},"end":{"line":55,"column":68}},"26":{"start":{"line":56,"column":8},"end":{"line":56,"column":36}},"27":{"start":{"line":58,"column":8},"end":{"line":58,"column":48}},"28":{"start":{"line":58,"column":33},"end":{"line":58,"column":48}},"29":{"start":{"line":59,"column":8},"end":{"line":59,"column":84}},"30":{"start":{"line":59,"column":37},"end":{"line":59,"column":82}},"31":{"start":{"line":61,"column":8},"end":{"line":61,"column":28}},"32":{"start":{"line":13,"column":13},"end":{"line":13,"column":27}},"33":{"start":{"line":13,"column":13},"end":{"line":64,"column":null}}},"fnMap":{"0":{"name":"(anonymous_1)","decl":{"start":{"line":14,"column":2},"end":{"line":14,"column":18}},"loc":{"start":{"line":14,"column":40},"end":{"line":32,"column":3}}},"1":{"name":"(anonymous_2)","decl":{"start":{"line":18,"column":36},"end":{"line":18,"column":37}},"loc":{"start":{"line":18,"column":46},"end":{"line":18,"column":87}}},"2":{"name":"(anonymous_3)","decl":{"start":{"line":22,"column":49},"end":{"line":22,"column":50}},"loc":{"start":{"line":22,"column":58},"end":{"line":22,"column":85}}},"3":{"name":"(anonymous_4)","decl":{"start":{"line":24,"column":58},"end":{"line":24,"column":59}},"loc":{"start":{"line":24,"column":68},"end":{"line":24,"column":109}}},"4":{"name":"(anonymous_5)","decl":{"start":{"line":34,"column":2},"end":{"line":34,"column":21}},"loc":{"start":{"line":37,"column":75},"end":{"line":63,"column":3}}},"5":{"name":"(anonymous_6)","decl":{"start":{"line":55,"column":43},"end":{"line":55,"column":46}},"loc":{"start":{"line":55,"column":49},"end":{"line":55,"column":68}}},"6":{"name":"(anonymous_7)","decl":{"start":{"line":59,"column":30},"end":{"line":59,"column":31}},"loc":{"start":{"line":59,"column":37},"end":{"line":59,"column":82}}}},"branchMap":{"0":{"loc":{"start":{"line":17,"column":4},"end":{"line":26,"column":5}},"type":"if","locations":[{"start":{"line":17,"column":4},"end":{"line":26,"column":5}},{"start":{"line":19,"column":11},"end":{"line":26,"column":5}}]},"1":{"loc":{"start":{"line":18,"column":46},"end":{"line":18,"column":87}},"type":"binary-expr","locations":[{"start":{"line":18,"column":46},"end":{"line":18,"column":70}},{"start":{"line":18,"column":74},"end":{"line":18,"column":87}}]},"2":{"loc":{"start":{"line":19,"column":11},"end":{"line":26,"column":5}},"type":"if","locations":[{"start":{"line":19,"column":11},"end":{"line":26,"column":5}}]},"3":{"loc":{"start":{"line":19,"column":15},"end":{"line":19,"column":72}},"type":"binary-expr","locations":[{"start":{"line":19,"column":15},"end":{"line":19,"column":47}},{"start":{"line":19,"column":51},"end":{"line":19,"column":72}}]},"4":{"loc":{"start":{"line":23,"column":6},"end":{"line":25,"column":7}},"type":"if","locations":[{"start":{"line":23,"column":6},"end":{"line":25,"column":7}}]},"5":{"loc":{"start":{"line":23,"column":10},"end":{"line":23,"column":54}},"type":"binary-expr","locations":[{"start":{"line":23,"column":10},"end":{"line":23,"column":18}},{"start":{"line":23,"column":22},"end":{"line":23,"column":54}}]},"6":{"loc":{"start":{"line":24,"column":68},"end":{"line":24,"column":109}},"type":"binary-expr","locations":[{"start":{"line":24,"column":68},"end":{"line":24,"column":92}},{"start":{"line":24,"column":96},"end":{"line":24,"column":109}}]},"7":{"loc":{"start":{"line":39,"column":4},"end":{"line":39,"column":52}},"type":"if","locations":[{"start":{"line":39,"column":4},"end":{"line":39,"column":52}}]},"8":{"loc":{"start":{"line":39,"column":8},"end":{"line":39,"column":40}},"type":"binary-expr","locations":[{"start":{"line":39,"column":8},"end":{"line":39,"column":16}},{"start":{"line":39,"column":20},"end":{"line":39,"column":40}}]},"9":{"loc":{"start":{"line":41,"column":4},"end":{"line":62,"column":5}},"type":"switch","locations":[{"start":{"line":42,"column":6},"end":{"line":43,"column":28}},{"start":{"line":44,"column":6},"end":{"line":45,"column":45}},{"start":{"line":46,"column":6},"end":{"line":48,"column":38}},{"start":{"line":49,"column":6},"end":{"line":50,"column":23}},{"start":{"line":51,"column":6},"end":{"line":52,"column":53}},{"start":{"line":53,"column":6},"end":{"line":56,"column":36}},{"start":{"line":57,"column":6},"end":{"line":59,"column":84}},{"start":{"line":60,"column":6},"end":{"line":61,"column":28}}]},"10":{"loc":{"start":{"line":52,"column":32},"end":{"line":52,"column":51}},"type":"binary-expr","locations":[{"start":{"line":52,"column":32},"end":{"line":52,"column":46}},{"start":{"line":52,"column":50},"end":{"line":52,"column":51}}]},"11":{"loc":{"start":{"line":54,"column":18},"end":{"line":54,"column":37}},"type":"binary-expr","locations":[{"start":{"line":54,"column":18},"end":{"line":54,"column":32}},{"start":{"line":54,"column":36},"end":{"line":54,"column":37}}]},"12":{"loc":{"start":{"line":58,"column":8},"end":{"line":58,"column":48}},"type":"if","locations":[{"start":{"line":58,"column":8},"end":{"line":58,"column":48}}]}},"s":{"0":1,"1":1,"2":1,"3":1,"4":1,"5":2,"6":0,"7":0,"8":0,"9":0,"10":0,"11":0,"12":0,"13":1,"14":3,"15":0,"16":3,"17":1,"18":1,"19":0,"20":0,"21":0,"22":1,"23":0,"24":0,"25":0,"26":0,"27":0,"28":0,"29":0,"30":0,"31":0,"32":1,"33":1},"f":{"0":1,"1":2,"2":0,"3":0,"4":3,"5":0,"6":0},"b":{"0":[1,0],"1":[2,2],"2":[0],"3":[0,0],"4":[0],"5":[0,0],"6":[0,0],"7":[0],"8":[3,3],"9":[1,1,0,0,1,0,0,0],"10":[1,0],"11":[0,0],"12":[0]}}
,"D:\\ai-api-tester\\backend\\src\\modules\\intelligence\\intelligence.controller.ts": {"path":"D:\\ai-api-tester\\backend\\src\\modules\\intelligence\\intelligence.controller.ts","statementMap":{"0":{"start":{"line":1,"column":0},"end":{"line":1,"column":119}},"1":{"start":{"line":2,"column":0},"end":{"line":2,"column":51}},"2":{"start":{"line":3,"column":0},"end":{"line":3,"column":37}},"3":{"start":{"line":4,"column":0},"end":{"line":4,"column":73}},"4":{"start":{"line":5,"column":0},"end":{"line":5,"column":63}},"5":{"start":{"line":6,"column":0},"end":{"line":6,"column":61}},"6":{"start":{"line":7,"column":0},"end":{"line":7,"column":54}},"7":{"start":{"line":11,"column":7},"end":{"line":112,"column":null}},"8":{"start":{"line":13,"column":21},"end":{"line":13,"column":42}},"9":{"start":{"line":15,"column":21},"end":{"line":15,"column":40}},"10":{"start":{"line":17,"column":21},"end":{"line":17,"column":37}},"11":{"start":{"line":22,"column":17},"end":{"line":24,"column":6}},"12":{"start":{"line":25,"column":4},"end":{"line":31,"column":8}},"13":{"start":{"line":25,"column":28},"end":{"line":31,"column":6}},"14":{"start":{"line":36,"column":4},"end":{"line":57,"column":5}},"15":{"start":{"line":37,"column":20},"end":{"line":39,"column":8}},"16":{"start":{"line":40,"column":31},"end":{"line":40,"column":33}},"17":{"start":{"line":41,"column":6},"end":{"line":53,"column":9}},"18":{"start":{"line":42,"column":8},"end":{"line":52,"column":9}},"19":{"start":{"line":43,"column":10},"end":{"line":51,"column":13}},"20":{"start":{"line":44,"column":12},"end":{"line":50,"column":13}},"21":{"start":{"line":45,"column":14},"end":{"line":49,"column":17}},"22":{"start":{"line":46,"column":16},"end":{"line":48,"column":17}},"23":{"start":{"line":47,"column":18},"end":{"line":47,"column":33}},"24":{"start":{"line":54,"column":6},"end":{"line":54,"column":20}},"25":{"start":{"line":56,"column":6},"end":{"line":56,"column":16}},"26":{"start":{"line":62,"column":20},"end":{"line":64,"column":6}},"27":{"start":{"line":65,"column":4},"end":{"line":67,"column":5}},"28":{"start":{"line":66,"column":6},"end":{"line":66,"column":76}},"29":{"start":{"line":68,"column":4},"end":{"line":68,"column":54}},"30":{"start":{"line":69,"column":4},"end":{"line":69,"column":47}},"31":{"start":{"line":70,"column":4},"end":{"line":70,"column":29}},"32":{"start":{"line":75,"column":18},"end":{"line":82,"column":6}},"33":{"start":{"line":83,"column":4},"end":{"line":89,"column":5}},"34":{"start":{"line":84,"column":6},"end":{"line":84,"column":41}},"35":{"start":{"line":85,"column":6},"end":{"line":85,"column":45}},"36":{"start":{"line":86,"column":6},"end":{"line":86,"column":45}},"37":{"start":{"line":87,"column":6},"end":{"line":87,"column":45}},"38":{"start":{"line":88,"column":6},"end":{"line":88,"column":52}},"39":{"start":{"line":90,"column":4},"end":{"line":90,"column":32}},"40":{"start":{"line":91,"column":4},"end":{"line":91,"column":47}},"41":{"start":{"line":92,"column":4},"end":{"line":98,"column":6}},"42":{"start":{"line":103,"column":20},"end":{"line":105,"column":6}},"43":{"start":{"line":106,"column":4},"end":{"line":108,"column":5}},"44":{"start":{"line":107,"column":6},"end":{"line":107,"column":76}},"45":{"start":{"line":109,"column":4},"end":{"line":109,"column":49}},"46":{"start":{"line":110,"column":4},"end":{"line":110,"column":29}},"47":{"start":{"line":11,"column":13},"end":{"line":11,"column":35}},"48":{"start":{"line":21,"column":8},"end":{"line":32,"column":null}},"49":{"start":{"line":35,"column":8},"end":{"line":58,"column":null}},"50":{"start":{"line":61,"column":8},"end":{"line":71,"column":null}},"51":{"start":{"line":74,"column":8},"end":{"line":99,"column":null}},"52":{"start":{"line":102,"column":8},"end":{"line":111,"column":null}},"53":{"start":{"line":11,"column":13},"end":{"line":112,"column":null}}},"fnMap":{"0":{"name":"(anonymous_4)","decl":{"start":{"line":12,"column":2},"end":{"line":12,"column":null}},"loc":{"start":{"line":17,"column":62},"end":{"line":18,"column":6}}},"1":{"name":"(anonymous_5)","decl":{"start":{"line":21,"column":2},"end":{"line":21,"column":7}},"loc":{"start":{"line":21,"column":35},"end":{"line":32,"column":3}}},"2":{"name":"(anonymous_6)","decl":{"start":{"line":25,"column":20},"end":{"line":25,"column":21}},"loc":{"start":{"line":25,"column":28},"end":{"line":31,"column":6}}},"3":{"name":"(anonymous_7)","decl":{"start":{"line":35,"column":2},"end":{"line":35,"column":7}},"loc":{"start":{"line":35,"column":40},"end":{"line":58,"column":3}}},"4":{"name":"(anonymous_8)","decl":{"start":{"line":41,"column":20},"end":{"line":41,"column":21}},"loc":{"start":{"line":41,"column":29},"end":{"line":53,"column":7}}},"5":{"name":"(anonymous_9)","decl":{"start":{"line":43,"column":33},"end":{"line":43,"column":34}},"loc":{"start":{"line":43,"column":40},"end":{"line":51,"column":11}}},"6":{"name":"(anonymous_10)","decl":{"start":{"line":45,"column":63},"end":{"line":45,"column":64}},"loc":{"start":{"line":45,"column":69},"end":{"line":49,"column":15}}},"7":{"name":"(anonymous_11)","decl":{"start":{"line":61,"column":2},"end":{"line":61,"column":7}},"loc":{"start":{"line":61,"column":113},"end":{"line":71,"column":3}}},"8":{"name":"(anonymous_12)","decl":{"start":{"line":74,"column":2},"end":{"line":74,"column":7}},"loc":{"start":{"line":74,"column":118},"end":{"line":99,"column":3}}},"9":{"name":"(anonymous_13)","decl":{"start":{"line":102,"column":2},"end":{"line":102,"column":7}},"loc":{"start":{"line":102,"column":67},"end":{"line":111,"column":3}}}},"branchMap":{"0":{"loc":{"start":{"line":30,"column":14},"end":{"line":30,"column":75}},"type":"cond-expr","locations":[{"start":{"line":30,"column":32},"end":{"line":30,"column":52}},{"start":{"line":30,"column":56},"end":{"line":30,"column":75}}]},"1":{"loc":{"start":{"line":42,"column":8},"end":{"line":52,"column":9}},"type":"if","locations":[{"start":{"line":42,"column":8},"end":{"line":52,"column":9}}]},"2":{"loc":{"start":{"line":44,"column":12},"end":{"line":50,"column":13}},"type":"if","locations":[{"start":{"line":44,"column":12},"end":{"line":50,"column":13}}]},"3":{"loc":{"start":{"line":44,"column":16},"end":{"line":44,"column":63}},"type":"binary-expr","locations":[{"start":{"line":44,"column":16},"end":{"line":44,"column":32}},{"start":{"line":44,"column":36},"end":{"line":44,"column":63}}]},"4":{"loc":{"start":{"line":46,"column":16},"end":{"line":48,"column":17}},"type":"if","locations":[{"start":{"line":46,"column":16},"end":{"line":48,"column":17}}]},"5":{"loc":{"start":{"line":65,"column":4},"end":{"line":67,"column":5}},"type":"if","locations":[{"start":{"line":65,"column":4},"end":{"line":67,"column":5}}]},"6":{"loc":{"start":{"line":83,"column":4},"end":{"line":89,"column":5}},"type":"if","locations":[{"start":{"line":83,"column":4},"end":{"line":89,"column":5}}]},"7":{"loc":{"start":{"line":106,"column":4},"end":{"line":108,"column":5}},"type":"if","locations":[{"start":{"line":106,"column":4},"end":{"line":108,"column":5}}]}},"s":{"0":0,"1":0,"2":0,"3":0,"4":0,"5":0,"6":0,"7":0,"8":0,"9":0,"10":0,"11":0,"12":0,"13":0,"14":0,"15":0,"16":0,"17":0,"18":0,"19":0,"20":0,"21":0,"22":0,"23":0,"24":0,"25":0,"26":0,"27":0,"28":0,"29":0,"30":0,"31":0,"32":0,"33":0,"34":0,"35":0,"36":0,"37":0,"38":0,"39":0,"40":0,"41":0,"42":0,"43":0,"44":0,"45":0,"46":0,"47":0,"48":0,"49":0,"50":0,"51":0,"52":0,"53":0},"f":{"0":0,"1":0,"2":0,"3":0,"4":0,"5":0,"6":0,"7":0,"8":0,"9":0},"b":{"0":[0,0],"1":[0],"2":[0],"3":[0,0],"4":[0],"5":[0],"6":[0],"7":[0]}}
,"D:\\ai-api-tester\\backend\\src\\modules\\intelligence\\intelligence.service.ts": {"path":"D:\\ai-api-tester\\backend\\src\\modules\\intelligence\\intelligence.service.ts","statementMap":{"0":{"start":{"line":1,"column":0},"end":{"line":1,"column":44}},"1":{"start":{"line":11,"column":7},"end":{"line":77,"column":null}},"2":{"start":{"line":16,"column":44},"end":{"line":16,"column":46}},"3":{"start":{"line":18,"column":4},"end":{"line":73,"column":7}},"4":{"start":{"line":19,"column":47},"end":{"line":19,"column":51}},"5":{"start":{"line":20,"column":30},"end":{"line":20,"column":31}},"6":{"start":{"line":22,"column":6},"end":{"line":68,"column":9}},"7":{"start":{"line":23,"column":8},"end":{"line":67,"column":11}},"8":{"start":{"line":24,"column":29},"end":{"line":24,"column":48}},"9":{"start":{"line":25,"column":29},"end":{"line":25,"column":48}},"10":{"start":{"line":27,"column":10},"end":{"line":66,"column":11}},"11":{"start":{"line":28,"column":12},"end":{"line":33,"column":14}},"12":{"start":{"line":34,"column":12},"end":{"line":34,"column":36}},"13":{"start":{"line":35,"column":17},"end":{"line":66,"column":11}},"14":{"start":{"line":36,"column":26},"end":{"line":36,"column":47}},"15":{"start":{"line":37,"column":29},"end":{"line":37,"column":52}},"16":{"start":{"line":38,"column":31},"end":{"line":38,"column":54}},"17":{"start":{"line":39,"column":35},"end":{"line":39,"column":98}},"18":{"start":{"line":41,"column":12},"end":{"line":54,"column":13}},"19":{"start":{"line":47,"column":14},"end":{"line":52,"column":16}},"20":{"start":{"line":53,"column":14},"end":{"line":53,"column":39}},"21":{"start":{"line":55,"column":17},"end":{"line":66,"column":11}},"22":{"start":{"line":59,"column":12},"end":{"line":64,"column":14}},"23":{"start":{"line":65,"column":12},"end":{"line":65,"column":36}},"24":{"start":{"line":70,"column":6},"end":{"line":72,"column":7}},"25":{"start":{"line":71,"column":8},"end":{"line":71,"column":36}},"26":{"start":{"line":75,"column":4},"end":{"line":75,"column":23}},"27":{"start":{"line":11,"column":13},"end":{"line":11,"column":32}},"28":{"start":{"line":11,"column":13},"end":{"line":77,"column":null}}},"fnMap":{"0":{"name":"(anonymous_1)","decl":{"start":{"line":12,"column":2},"end":{"line":12,"column":17}},"loc":{"start":{"line":14,"column":71},"end":{"line":76,"column":3}}},"1":{"name":"(anonymous_2)","decl":{"start":{"line":18,"column":27},"end":{"line":18,"column":28}},"loc":{"start":{"line":18,"column":37},"end":{"line":73,"column":5}}},"2":{"name":"(anonymous_3)","decl":{"start":{"line":22,"column":32},"end":{"line":22,"column":33}},"loc":{"start":{"line":22,"column":44},"end":{"line":68,"column":7}}},"3":{"name":"(anonymous_4)","decl":{"start":{"line":23,"column":31},"end":{"line":23,"column":32}},"loc":{"start":{"line":23,"column":41},"end":{"line":67,"column":9}}}},"branchMap":{"0":{"loc":{"start":{"line":27,"column":10},"end":{"line":66,"column":11}},"type":"if","locations":[{"start":{"line":27,"column":10},"end":{"line":66,"column":11}},{"start":{"line":35,"column":17},"end":{"line":66,"column":11}}]},"1":{"loc":{"start":{"line":35,"column":17},"end":{"line":66,"column":11}},"type":"if","locations":[{"start":{"line":35,"column":17},"end":{"line":66,"column":11}},{"start":{"line":55,"column":17},"end":{"line":66,"column":11}}]},"2":{"loc":{"start":{"line":39,"column":35},"end":{"line":39,"column":98}},"type":"cond-expr","locations":[{"start":{"line":39,"column":62},"end":{"line":39,"column":85}},{"start":{"line":39,"column":88},"end":{"line":39,"column":98}}]},"3":{"loc":{"start":{"line":41,"column":12},"end":{"line":54,"column":13}},"type":"if","locations":[{"start":{"line":41,"column":12},"end":{"line":54,"column":13}}]},"4":{"loc":{"start":{"line":42,"column":14},"end":{"line":45,"column":56}},"type":"binary-expr","locations":[{"start":{"line":42,"column":14},"end":{"line":42,"column":59}},{"start":{"line":43,"column":14},"end":{"line":43,"column":60}},{"start":{"line":44,"column":14},"end":{"line":44,"column":55}},{"start":{"line":45,"column":14},"end":{"line":45,"column":56}}]},"5":{"loc":{"start":{"line":55,"column":17},"end":{"line":66,"column":11}},"type":"if","locations":[{"start":{"line":55,"column":17},"end":{"line":66,"column":11}}]},"6":{"loc":{"start":{"line":56,"column":12},"end":{"line":57,"column":80}},"type":"binary-expr","locations":[{"start":{"line":56,"column":12},"end":{"line":56,"column":35}},{"start":{"line":57,"column":13},"end":{"line":57,"column":44}},{"start":{"line":57,"column":48},"end":{"line":57,"column":79}}]},"7":{"loc":{"start":{"line":70,"column":6},"end":{"line":72,"column":7}},"type":"if","locations":[{"start":{"line":70,"column":6},"end":{"line":72,"column":7}}]}},"s":{"0":0,"1":0,"2":0,"3":0,"4":0,"5":0,"6":0,"7":0,"8":0,"9":0,"10":0,"11":0,"12":0,"13":0,"14":0,"15":0,"16":0,"17":0,"18":0,"19":0,"20":0,"21":0,"22":0,"23":0,"24":0,"25":0,"26":0,"27":0,"28":0},"f":{"0":0,"1":0,"2":0,"3":0},"b":{"0":[0,0],"1":[0,0],"2":[0,0],"3":[0],"4":[0,0,0,0],"5":[0],"6":[0,0,0],"7":[0]}}
,"D:\\ai-api-tester\\backend\\src\\modules\\parser\\parser.controller.ts": {"path":"D:\\ai-api-tester\\backend\\src\\modules\\parser\\parser.controller.ts","statementMap":{"0":{"start":{"line":1,"column":0},"end":{"line":1,"column":124}},"1":{"start":{"line":2,"column":0},"end":{"line":2,"column":51}},"2":{"start":{"line":3,"column":0},"end":{"line":3,"column":37}},"3":{"start":{"line":4,"column":0},"end":{"line":4,"column":77}},"4":{"start":{"line":5,"column":0},"end":{"line":5,"column":49}},"5":{"start":{"line":6,"column":0},"end":{"line":6,"column":54}},"6":{"start":{"line":7,"column":0},"end":{"line":7,"column":26}},"7":{"start":{"line":11,"column":7},"end":{"line":254,"column":null}},"8":{"start":{"line":13,"column":21},"end":{"line":13,"column":36}},"9":{"start":{"line":15,"column":21},"end":{"line":15,"column":40}},"10":{"start":{"line":20,"column":4},"end":{"line":23,"column":7}},"11":{"start":{"line":28,"column":19},"end":{"line":28,"column":67}},"12":{"start":{"line":30,"column":21},"end":{"line":32,"column":6}},"13":{"start":{"line":33,"column":4},"end":{"line":37,"column":5}},"14":{"start":{"line":34,"column":6},"end":{"line":34,"column":39}},"15":{"start":{"line":35,"column":6},"end":{"line":35,"column":38}},"16":{"start":{"line":36,"column":6},"end":{"line":36,"column":55}},"17":{"start":{"line":38,"column":4},"end":{"line":38,"column":40}},"18":{"start":{"line":39,"column":4},"end":{"line":39,"column":46}},"19":{"start":{"line":40,"column":4},"end":{"line":40,"column":40}},"20":{"start":{"line":41,"column":4},"end":{"line":41,"column":44}},"21":{"start":{"line":42,"column":4},"end":{"line":42,"column":79}},"22":{"start":{"line":44,"column":4},"end":{"line":44,"column":50}},"23":{"start":{"line":45,"column":4},"end":{"line":45,"column":22}},"24":{"start":{"line":50,"column":19},"end":{"line":50,"column":83}},"25":{"start":{"line":52,"column":21},"end":{"line":54,"column":6}},"26":{"start":{"line":55,"column":4},"end":{"line":59,"column":5}},"27":{"start":{"line":56,"column":6},"end":{"line":56,"column":39}},"28":{"start":{"line":57,"column":6},"end":{"line":57,"column":38}},"29":{"start":{"line":58,"column":6},"end":{"line":58,"column":55}},"30":{"start":{"line":60,"column":4},"end":{"line":60,"column":40}},"31":{"start":{"line":61,"column":4},"end":{"line":61,"column":46}},"32":{"start":{"line":62,"column":4},"end":{"line":62,"column":44}},"33":{"start":{"line":63,"column":4},"end":{"line":63,"column":41}},"34":{"start":{"line":65,"column":4},"end":{"line":65,"column":50}},"35":{"start":{"line":66,"column":4},"end":{"line":66,"column":22}},"36":{"start":{"line":71,"column":4},"end":{"line":73,"column":5}},"37":{"start":{"line":72,"column":6},"end":{"line":72,"column":55}},"38":{"start":{"line":74,"column":4},"end":{"line":98,"column":5}},"39":{"start":{"line":75,"column":23},"end":{"line":75,"column":48}},"40":{"start":{"line":76,"column":23},"end":{"line":76,"column":36}},"41":{"start":{"line":77,"column":21},"end":{"line":77,"column":68}},"42":{"start":{"line":79,"column":23},"end":{"line":81,"column":8}},"43":{"start":{"line":82,"column":6},"end":{"line":86,"column":7}},"44":{"start":{"line":83,"column":8},"end":{"line":83,"column":41}},"45":{"start":{"line":84,"column":8},"end":{"line":84,"column":40}},"46":{"start":{"line":85,"column":8},"end":{"line":85,"column":57}},"47":{"start":{"line":87,"column":6},"end":{"line":87,"column":42}},"48":{"start":{"line":88,"column":6},"end":{"line":88,"column":48}},"49":{"start":{"line":89,"column":6},"end":{"line":89,"column":42}},"50":{"start":{"line":90,"column":6},"end":{"line":90,"column":46}},"51":{"start":{"line":91,"column":6},"end":{"line":91,"column":79}},"52":{"start":{"line":92,"column":6},"end":{"line":92,"column":39}},"53":{"start":{"line":94,"column":6},"end":{"line":94,"column":52}},"54":{"start":{"line":95,"column":6},"end":{"line":95,"column":58}},"55":{"start":{"line":97,"column":6},"end":{"line":97,"column":85}},"56":{"start":{"line":103,"column":4},"end":{"line":105,"column":5}},"57":{"start":{"line":104,"column":6},"end":{"line":104,"column":64}},"58":{"start":{"line":107,"column":23},"end":{"line":109,"column":6}},"59":{"start":{"line":110,"column":4},"end":{"line":112,"column":5}},"60":{"start":{"line":111,"column":6},"end":{"line":111,"column":73}},"61":{"start":{"line":114,"column":4},"end":{"line":116,"column":5}},"62":{"start":{"line":115,"column":6},"end":{"line":115,"column":107}},"63":{"start":{"line":118,"column":4},"end":{"line":144,"column":5}},"64":{"start":{"line":119,"column":23},"end":{"line":119,"column":61}},"65":{"start":{"line":120,"column":23},"end":{"line":120,"column":36}},"66":{"start":{"line":121,"column":21},"end":{"line":121,"column":68}},"67":{"start":{"line":124,"column":22},"end":{"line":126,"column":null}},"68":{"start":{"line":130,"column":6},"end":{"line":130,"column":42}},"69":{"start":{"line":131,"column":6},"end":{"line":131,"column":42}},"70":{"start":{"line":132,"column":6},"end":{"line":132,"column":46}},"71":{"start":{"line":133,"column":6},"end":{"line":133,"column":79}},"72":{"start":{"line":135,"column":6},"end":{"line":135,"column":52}},"73":{"start":{"line":137,"column":6},"end":{"line":141,"column":8}},"74":{"start":{"line":143,"column":6},"end":{"line":143,"column":67}},"75":{"start":{"line":149,"column":4},"end":{"line":151,"column":5}},"76":{"start":{"line":150,"column":6},"end":{"line":150,"column":64}},"77":{"start":{"line":152,"column":17},"end":{"line":154,"column":6}},"78":{"start":{"line":155,"column":4},"end":{"line":157,"column":5}},"79":{"start":{"line":156,"column":6},"end":{"line":156,"column":73}},"80":{"start":{"line":158,"column":4},"end":{"line":158,"column":32}},"81":{"start":{"line":159,"column":4},"end":{"line":159,"column":44}},"82":{"start":{"line":160,"column":4},"end":{"line":160,"column":29}},"83":{"start":{"line":165,"column":4},"end":{"line":167,"column":5}},"84":{"start":{"line":166,"column":6},"end":{"line":166,"column":63}},"85":{"start":{"line":168,"column":17},"end":{"line":170,"column":6}},"86":{"start":{"line":171,"column":4},"end":{"line":173,"column":5}},"87":{"start":{"line":172,"column":6},"end":{"line":172,"column":73}},"88":{"start":{"line":176,"column":4},"end":{"line":182,"column":5}},"89":{"start":{"line":177,"column":23},"end":{"line":177,"column":48}},"90":{"start":{"line":178,"column":23},"end":{"line":178,"column":36}},"91":{"start":{"line":179,"column":6},"end":{"line":179,"column":54}},"92":{"start":{"line":181,"column":6},"end":{"line":181,"column":86}},"93":{"start":{"line":184,"column":4},"end":{"line":184,"column":31}},"94":{"start":{"line":185,"column":4},"end":{"line":185,"column":44}},"95":{"start":{"line":186,"column":4},"end":{"line":186,"column":29}},"96":{"start":{"line":191,"column":4},"end":{"line":193,"column":5}},"97":{"start":{"line":192,"column":6},"end":{"line":192,"column":64}},"98":{"start":{"line":194,"column":17},"end":{"line":196,"column":6}},"99":{"start":{"line":197,"column":4},"end":{"line":199,"column":5}},"100":{"start":{"line":198,"column":6},"end":{"line":198,"column":73}},"101":{"start":{"line":200,"column":4},"end":{"line":200,"column":46}},"102":{"start":{"line":201,"column":4},"end":{"line":201,"column":29}},"103":{"start":{"line":210,"column":17},"end":{"line":212,"column":6}},"104":{"start":{"line":213,"column":4},"end":{"line":215,"column":5}},"105":{"start":{"line":214,"column":6},"end":{"line":214,"column":73}},"106":{"start":{"line":216,"column":4},"end":{"line":216,"column":40}},"107":{"start":{"line":217,"column":4},"end":{"line":217,"column":58}},"108":{"start":{"line":218,"column":4},"end":{"line":220,"column":5}},"109":{"start":{"line":219,"column":6},"end":{"line":219,"column":50}},"110":{"start":{"line":221,"column":4},"end":{"line":221,"column":44}},"111":{"start":{"line":222,"column":4},"end":{"line":222,"column":29}},"112":{"start":{"line":231,"column":17},"end":{"line":233,"column":6}},"113":{"start":{"line":234,"column":4},"end":{"line":236,"column":5}},"114":{"start":{"line":235,"column":6},"end":{"line":235,"column":73}},"115":{"start":{"line":237,"column":4},"end":{"line":237,"column":32}},"116":{"start":{"line":238,"column":4},"end":{"line":238,"column":36}},"117":{"start":{"line":239,"column":4},"end":{"line":239,"column":44}},"118":{"start":{"line":240,"column":4},"end":{"line":240,"column":36}},"119":{"start":{"line":241,"column":4},"end":{"line":241,"column":40}},"120":{"start":{"line":242,"column":4},"end":{"line":242,"column":38}},"121":{"start":{"line":243,"column":4},"end":{"line":243,"column":44}},"122":{"start":{"line":244,"column":4},"end":{"line":244,"column":57}},"123":{"start":{"line":245,"column":4},"end":{"line":245,"column":51}},"124":{"start":{"line":246,"column":4},"end":{"line":246,"column":44}},"125":{"start":{"line":247,"column":4},"end":{"line":247,"column":29}},"126":{"start":{"line":252,"column":4},"end":{"line":252,"column":102}},"127":{"start":{"line":11,"column":13},"end":{"line":11,"column":29}},"128":{"start":{"line":19,"column":8},"end":{"line":24,"column":null}},"129":{"start":{"line":27,"column":8},"end":{"line":46,"column":null}},"130":{"start":{"line":49,"column":8},"end":{"line":67,"column":null}},"131":{"start":{"line":70,"column":8},"end":{"line":99,"column":null}},"132":{"start":{"line":102,"column":8},"end":{"line":145,"column":null}},"133":{"start":{"line":148,"column":8},"end":{"line":161,"column":null}},"134":{"start":{"line":164,"column":8},"end":{"line":187,"column":null}},"135":{"start":{"line":190,"column":8},"end":{"line":202,"column":null}},"136":{"start":{"line":205,"column":8},"end":{"line":223,"column":null}},"137":{"start":{"line":226,"column":8},"end":{"line":248,"column":null}},"138":{"start":{"line":251,"column":8},"end":{"line":253,"column":null}},"139":{"start":{"line":11,"column":13},"end":{"line":254,"column":null}}},"fnMap":{"0":{"name":"(anonymous_4)","decl":{"start":{"line":12,"column":2},"end":{"line":12,"column":null}},"loc":{"start":{"line":15,"column":65},"end":{"line":16,"column":6}}},"1":{"name":"(anonymous_5)","decl":{"start":{"line":19,"column":2},"end":{"line":19,"column":7}},"loc":{"start":{"line":19,"column":32},"end":{"line":24,"column":3}}},"2":{"name":"(anonymous_6)","decl":{"start":{"line":27,"column":2},"end":{"line":27,"column":7}},"loc":{"start":{"line":27,"column":94},"end":{"line":46,"column":3}}},"3":{"name":"(anonymous_7)","decl":{"start":{"line":49,"column":2},"end":{"line":49,"column":7}},
[...]
"line":211,"column":65}},{"start":{"line":211,"column":69},"end":{"line":211,"column":71}}]},"45":{"loc":{"start":{"line":219,"column":22},"end":{"line":219,"column":69}},"type":"cond-expr","locations":[{"start":{"line":219,"column":45},"end":{"line":219,"column":58}},{"start":{"line":219,"column":61},"end":{"line":219,"column":69}}]},"46":{"loc":{"start":{"line":228,"column":6},"end":{"line":232,"column":7}},"type":"if","locations":[{"start":{"line":228,"column":6},"end":{"line":232,"column":7}},{"start":{"line":230,"column":13},"end":{"line":232,"column":7}}]},"47":{"loc":{"start":{"line":228,"column":10},"end":{"line":228,"column":55}},"type":"binary-expr","locations":[{"start":{"line":228,"column":10},"end":{"line":228,"column":33}},{"start":{"line":228,"column":37},"end":{"line":228,"column":55}}]},"48":{"loc":{"start":{"line":230,"column":13},"end":{"line":232,"column":7}},"type":"if","locations":[{"start":{"line":230,"column":13},"end":{"line":232,"column":7}}]},"49":{"loc":{"start":{"line":237,"column":4},"end":{"line":250,"column":5}},"type":"if","locations":[{"start":{"line":237,"column":4},"end":{"line":250,"column":5}},{"start":{"line":246,"column":11},"end":{"line":250,"column":5}}]},"50":{"loc":{"start":{"line":239,"column":6},"end":{"line":245,"column":7}},"type":"if","locations":[{"start":{"line":239,"column":6},"end":{"line":245,"column":7}},{"start":{"line":241,"column":13},"end":{"line":245,"column":7}}]},"51":{"loc":{"start":{"line":239,"column":10},"end":{"line":239,"column":118}},"type":"binary-expr","locations":[{"start":{"line":239,"column":10},"end":{"line":239,"column":34}},{"start":{"line":239,"column":38},"end":{"line":239,"column":62}},{"start":{"line":239,"column":66},"end":{"line":239,"column":91}},{"start":{"line":239,"column":95},"end":{"line":239,"column":118}}]},"52":{"loc":{"start":{"line":241,"column":13},"end":{"line":245,"column":7}},"type":"if","locations":[{"start":{"line":241,"column":13},"end":{"line":245,"column":7}},{"start":{"line":243,"column":13},"end":{"line":245,"column":7}}]},"53":{"loc":{"start":{"line":241,"column":17},"end":{"line":241,"column":127}},"type":"binary-expr","locations":[{"start":{"line":241,"column":17},"end":{"line":241,"column":42}},{"start":{"line":241,"column":46},"end":{"line":241,"column":70}},{"start":{"line":241,"column":74},"end":{"line":241,"column":101}},{"start":{"line":241,"column":105},"end":{"line":241,"column":127}}]},"54":{"loc":{"start":{"line":246,"column":11},"end":{"line":250,"column":5}},"type":"if","locations":[{"start":{"line":246,"column":11},"end":{"line":250,"column":5}},{"start":{"line":248,"column":11},"end":{"line":250,"column":5}}]},"55":{"loc":{"start":{"line":248,"column":11},"end":{"line":250,"column":5}},"type":"if","locations":[{"start":{"line":248,"column":11},"end":{"line":250,"column":5}}]},"56":{"loc":{"start":{"line":261,"column":4},"end":{"line":271,"column":5}},"type":"if","locations":[{"start":{"line":261,"column":4},"end":{"line":271,"column":5}}]},"57":{"loc":{"start":{"line":277,"column":6},"end":{"line":280,"column":7}},"type":"if","locations":[{"start":{"line":277,"column":6},"end":{"line":280,"column":7}}]},"58":{"loc":{"start":{"line":277,"column":10},"end":{"line":277,"column":103}},"type":"binary-expr","locations":[{"start":{"line":277,"column":11},"end":{"line":277,"column":33}},{"start":{"line":277,"column":37},"end":{"line":277,"column":60}},{"start":{"line":277,"column":65},"end":{"line":277,"column":103}}]},"59":{"loc":{"start":{"line":282,"column":4},"end":{"line":289,"column":5}},"type":"if","locations":[{"start":{"line":282,"column":4},"end":{"line":289,"column":5}}]},"60":{"loc":{"start":{"line":294,"column":6},"end":{"line":300,"column":7}},"type":"if","locations":[{"start":{"line":294,"column":6},"end":{"line":300,"column":7}},{"start":{"line":296,"column":13},"end":{"line":300,"column":7}}]},"61":{"loc":{"start":{"line":294,"column":10},"end":{"line":294,"column":59}},"type":"binary-expr","locations":[{"start":{"line":294,"column":10},"end":{"line":294,"column":32}},{"start":{"line":294,"column":36},"end":{"line":294,"column":59}}]},"62":{"loc":{"start":{"line":296,"column":13},"end":{"line":300,"column":7}},"type":"if","locations":[{"start":{"line":296,"column":13},"end":{"line":300,"column":7}},{"start":{"line":298,"column":13},"end":{"line":300,"column":7}}]},"63":{"loc":{"start":{"line":298,"column":13},"end":{"line":300,"column":7}},"type":"if","locations":[{"start":{"line":298,"column":13},"end":{"line":300,"column":7}}]},"64":{"loc":{"start":{"line":312,"column":6},"end":{"line":314,"column":7}},"type":"if","locations":[{"start":{"line":312,"column":6},"end":{"line":314,"column":7}}]},"65":{"loc":{"start":{"line":326,"column":6},"end":{"line":328,"column":7}},"type":"if","locations":[{"start":{"line":326,"column":6},"end":{"line":328,"column":7}}]},"66":{"loc":{"start":{"line":340,"column":6},"end":{"line":342,"column":7}},"type":"if","locations":[{"start":{"line":340,"column":6},"end":{"line":342,"column":7}}]},"67":{"loc":{"start":{"line":386,"column":36},"end":{"line":386,"column":59}},"type":"binary-expr","locations":[{"start":{"line":386,"column":36},"end":{"line":386,"column":53}},{"start":{"line":386,"column":57},"end":{"line":386,"column":59}}]},"68":{"loc":{"start":{"line":388,"column":8},"end":{"line":397,"column":9}},"type":"if","locations":[{"start":{"line":388,"column":8},"end":{"line":397,"column":9}}]},"69":{"loc":{"start":{"line":390,"column":10},"end":{"line":396,"column":11}},"type":"if","locations":[{"start":{"line":390,"column":10},"end":{"line":396,"column":11}}]},"70":{"loc":{"start":{"line":390,"column":14},"end":{"line":390,"column":70}},"type":"binary-expr","locations":[{"start":{"line":390,"column":14},"end":{"line":390,"column":21}},{"start":{"line":390,"column":25},"end":{"line":390,"column":40}},{"start":{"line":390,"column":44},"end":{"line":390,"column":70}}]},"71":{"loc":{"start":{"line":393,"column":12},"end":{"line":395,"column":13}},"type":"if","locations":[{"start":{"line":393,"column":12},"end":{"line":395,"column":13}}]},"72":{"loc":{"start":{"line":437,"column":123},"end":{"line":437,"column":144}},"type":"binary-expr","locations":[{"start":{"line":437,"column":123},"end":{"line":437,"column":138}},{"start":{"line":437,"column":142},"end":{"line":437,"column":144}}]},"73":{"loc":{"start":{"line":438,"column":2},"end":{"line":438,"column":153}},"type":"cond-expr","locations":[{"start":{"line":438,"column":40},"end":{"line":438,"column":148}},{"start":{"line":438,"column":151},"end":{"line":438,"column":153}}]},"74":{"loc":{"start":{"line":451,"column":22},"end":{"line":451,"column":68}},"type":"binary-expr","locations":[{"start":{"line":451,"column":22},"end":{"line":451,"column":60}},{"start":{"line":451,"column":64},"end":{"line":451,"column":68}}]},"75":{"loc":{"start":{"line":457,"column":6},"end":{"line":459,"column":7}},"type":"if","locations":[{"start":{"line":457,"column":6},"end":{"line":459,"column":7}}]},"76":{"loc":{"start":{"line":457,"column":10},"end":{"line":457,"column":42}},"type":"binary-expr","locations":[{"start":{"line":457,"column":10},"end":{"line":457,"column":25}},{"start":{"line":457,"column":29},"end":{"line":457,"column":42}}]},"77":{"loc":{"start":{"line":462,"column":6},"end":{"line":473,"column":7}},"type":"if","locations":[{"start":{"line":462,"column":6},"end":{"line":473,"column":7}}]},"78":{"loc":{"start":{"line":464,"column":24},"end":{"line":464,"column":51}},"type":"binary-expr","locations":[{"start":{"line":464,"column":24},"end":{"line":464,"column":34}},{"start":{"line":464,"column":38},"end":{"line":464,"column":51}}]},"79":{"loc":{"start":{"line":466,"column":29},"end":{"line":466,"column":64}},"type":"binary-expr","locations":[{"start":{"line":466,"column":29},"end":{"line":466,"column":57}},{"start":{"line":466,"column":61},"end":{"line":466,"column":64}}]},"80":{"loc":{"start":{"line":466,"column":68},"end":{"line":466,"column":99}},"type":"binary-expr","locations":[{"start":{"line":466,"column":68},"end":{"line":466,"column":91}},{"start":{"line":466,"column":95},"end":{"line":466,"column":99}}]},"81":{"loc":{"start":{"line":467,"column":19},"end":{"line":467,"column":48}},"type":"binary-expr","locations":[{"start":{"line":467,"column":19},"end":{"line":467,"column":42}},{"start":{"line":467,"column":46},"end":{"line":467,"column":48}}]},"82":{"loc":{"start":{"line":468,"column":20},"end":{"line":468,"column":45}},"type":"binary-expr","locations":[{"start":{"line":468,"column":20},"end":{"line":468,"column":33}},{"start":{"line":468,"column":37},"end":{"line":468,"column":45}}]},"83":{"loc":{"start":{"line":469,"column":20},"end":{"line":469,"column":49}},"type":"binary-expr","locations":[{"start":{"line":469,"column":20},"end":{"line":469,"column":33}},{"start":{"line":469,"column":37},"end":{"line":469,"column":49}}]},"84":{"loc":{"start":{"line":470,"column":23},"end":{"line":470,"column":45}},"type":"binary-expr","locations":[{"start":{"line":470,"column":23},"end":{"line":470,"column":39}},{"start":{"line":470,"column":43},"end":{"line":470,"column":45}}]},"85":{"loc":{"start":{"line":471,"column":22},"end":{"line":471,"column":43}},"type":"binary-expr","locations":[{"start":{"line":471,"column":22},"end":{"line":471,"column":37}},{"start":{"line":471,"column":41},"end":{"line":471,"column":43}}]},"86":{"loc":{"start":{"line":483,"column":26},"end":{"line":483,"column":84}},"type":"cond-expr","locations":[{"start":{"line":483,"column":60},"end":{"line":483,"column":73}},{"start":{"line":483,"column":76},"end":{"line":483,"column":84}}]},"87":{"loc":{"start":{"line":502,"column":6},"end":{"line":507,"column":7}},"type":"if","locations":[{"start":{"line":502,"column":6},"end":{"line":507,"column":7}}]},"88":{"loc":{"start":{"line":502,"column":10},"end":{"line":502,"column":35}},"type":"binary-expr","locations":[{"start":{"line":502,"column":10},"end":{"line":502,"column":15}},{"start":{"line":502,"column":19},"end":{"line":502,"column":35}}]},"89":{"loc":{"start":{"line":516,"column":65},"end":{"line":516,"column":84}},"type":"default-arg","locations":[{"start":{"line":516,"column":79},"end":{"line":516,"column":84}}]},"90":{"loc":{"start":{"line":518,"column":24},"end":{"line":518,"column":71}},"type":"binary-expr","locations":[{"start":{"line":518,"column":24},"end":{"line":518,"column":65}},{"start":{"line":518,"column":69},"end":{"line":518,"column":71}}]},"91":{"loc":{"start":{"line":521,"column":25},"end":{"line":521,"column":67}},"type":"binary-expr","locations":[{"start":{"line":521,"column":25},"end":{"line":521,"column":51}},{"start":{"line":521,"column":55},"end":{"line":521,"column":67}}]},"92":{"loc":{"start":{"line":523,"column":6},"end":{"line":549,"column":7}},"type":"if","locations":[{"start":{"line":523,"column":6},"end":{"line":549,"column":7}},{"start":{"line":535,"column":13},"end":{"line":549,"column":7}}]},"93":{"loc":{"start":{"line":524,"column":8},"end":{"line":534,"column":9}},"type":"if","locations":[{"start":{"line":524,"column":8},"end":{"line":534,"column":9}},{"start":{"line":526,"column":15},"end":{"line":534,"column":9}}]},"94":{"loc":{"start":{"line":526,"column":15},"end":{"line":534,"column":9}},"type":"if","locations":[{"start":{"line":526,"column":15},"end":{"line":534,"column":9}},{"start":{"line":528,"column":15},"end":{"line":534,"column":9}}]},"95":{"loc":{"start":{"line":526,"column":19},"end":{"line":526,"column":92}},"type":"binary-expr","locations":[{"start":{"line":526,"column":19},"end":{"line":526,"column":54}},{"start":{"line":526,"column":58},"end":{"line":526,"column":92}}]},"96":{"loc":{"start":{"line":528,"column":15},"end":{"line":534,"column":9}},"type":"if","locations":[{"start":{"line":528,"column":15},"end":{"line":534,"column":9}},{"start":{"line":530,"column":15},"end":{"line":534,"column":9}}]},"97":{"loc":{"start":{"line":528,"column":19},"end":{"line":528,"column":94}},"type":"binary-expr","locations":[{"start":{"line":528,"column":19},"end":{"line":528,"column":54}},{"start":{"line":528,"column":58},"end":{"line":528,"column":94}}]},"98":{"loc":{"start":{"line":530,"column":15},"end":{"line":534,"column":9}},"type":"if","locations":[{"start":{"line":530,"column":15},"end":{"line":534,"column":9}},{"start":{"line":532,"column":15},"end":{"line":534,"column":9}}]},"99":{"loc":{"start":{"line":530,"column":19},"end":{"line":530,"column":89}},"type":"binary-expr","locations":[{"start":{"line":530,"column":19},"end":{"line":530,"column":51}},{"start":{"line":530,"column":55},"end":{"line":530,"column":89}}]},"100":{"loc":{"start":{"line":535,"column":13},"end":{"line":549,"column":7}},"type":"if","locations":[{"start":{"line":535,"column":13},"end":{"line":549,"column":7}},{"start":{"line":541,"column":13},"end":{"line":549,"column":7}}]},"101":{"loc":{"start":{"line":535,"column":17},"end":{"line":535,"column":66}},"type":"binary-expr","locations":[{"start":{"line":535,"column":17},"end":{"line":535,"column":39}},{"start":{"line":535,"column":43},"end":{"line":535,"column":66}}]},"102":{"loc":{"start":{"line":536,"column":8},"end":{"line":540,"column":9}},"type":"if","locations":[{"start":{"line":536,"column":8},"end":{"line":540,"column":9}},{"start":{"line":538,"column":15},"end":{"line":540,"column":9}}]},"103":{"loc":{"start":{"line":541,"column":13},"end":{"line":549,"column":7}},"type":"if","locations":[{"start":{"line":541,"column":13},"end":{"line":549,"column":7}},{"start":{"line":543,"column":13},"end":{"line":549,"column":7}}]},"104":{"loc":{"start":{"line":543,"column":13},"end":{"line":549,"column":7}},"type":"if","locations":[{"start":{"line":543,"column":13},"end":{"line":549,"column":7}},{"start":{"line":545,"column":13},"end":{"line":549,"column":7}}]},"105":{"loc":{"start":{"line":545,"column":13},"end":{"line":549,"column":7}},"type":"if","locations":[{"start":{"line":545,"column":13},"end":{"line":549,"column":7}},{"start":{"line":547,"column":13},"end":{"line":549,"column":7}}]},"106":{"loc":{"start":{"line":556,"column":4},"end":{"line":556,"column":40}},"type":"if","locations":[{"start":{"line":556,"column":4},"end":{"line":556,"column":40}}]},"107":{"loc":{"start":{"line":556,"column":8},"end":{"line":556,"column":21}},"type":"binary-expr","locations":[{"start":{"line":556,"column":8},"end":{"line":556,"column":12}},{"start":{"line":556,"column":16},"end":{"line":556,"column":21}}]},"108":{"loc":{"start":{"line":560,"column":6},"end":{"line":562,"column":7}},"type":"if","locations":[{"start":{"line":560,"column":6},"end":{"line":562,"column":7}}]},"109":{"loc":{"start":{"line":560,"column":10},"end":{"line":560,"column":82}},"type":"binary-expr","locations":[{"start":{"line":560,"column":10},"end":{"line":560,"column":26}},{"start":{"line":560,"column":30},"end":{"line":560,"column":51}},{"start":{"line":560,"column":55},"end":{"line":560,"column":82}}]},"110":{"loc":{"start":{"line":563,"column":6},"end":{"line":566,"column":30}},"type":"if","locations":[{"start":{"line":563,"column":6},"end":{"line":566,"column":30}},{"start":{"line":566,"column":6},"end":{"line":566,"column":30}}]},"111":{"loc":{"start":{"line":575,"column":4},"end":{"line":575,"column":45}},"type":"if","locations":[{"start":{"line":575,"column":4},"end":{"line":575,"column":45}}]},"112":{"loc":{"start":{"line":578,"column":4},"end":{"line":592,"column":5}},"type":"if","locations":[{"start":{"line":578,"column":4},"end":{"line":592,"column":5}}]},"113":{"loc":{"start":{"line":582,"column":29},"end":{"line":582,"column":92}},"type":"cond-expr","locations":[{"start":{"line":582,"column":56},"end":{"line":582,"column":79}},{"start":{"line":582,"column":82},"end":{"line":582,"column":92}}]},"114":{"loc":{"start":{"line":584,"column":6},"end":{"line":591,"column":7}},"type":"if","locations":[{"start":{"line":584,"column":6},"end":{"line":591,"column":7}}]},"115":{"loc":{"start":{"line":585,"column":8},"end":{"line":588,"column":48}},"type":"binary-expr","locations":[{"start":{"line":585,"column":8},"end":{"line":585,"column":51}},{"start":{"line":586,"column":8},"end":{"line":586,"column":52}},{"start":{"line":587,"column":8},"end":{"line":587,"column":47}},{"start":{"line":588,"column":8},"end":{"line":588,"column":48}}]}},"s":{"0":1,"1":1,"2":1,"3":1,"4":1,"5":1,"6":1,"7":1,"8":1,"9":1,"10":0,"11":0,"12":0,"13":0,"14":0,"15":0,"16":0,"17":0,"18":0,"19":0,"20":0,"21":0,"22":0,"23":0,"24":0,"25":0,"26":0,"27":0,"28":0,"29":0,"30":0,"31":0,"32":0,"33":0,"34":0,"35":1,"36":1,"37":1,"38":1,"39":0,"40":0,"41":0,"42":0,"43":0,"44":0,"45":0,"46":2,"47":2,"48":2,"49":0,"50":2,"51":0,"52":2,"53":4,"54":4,"55":2,"56":0,"57":2,"58":0,"59":0,"60":0,"61":0,"62":0,"63":0,"64":0,"65":0,"66":2,"67":2,"68":0,"69":0,"70":0,"71":2,"72":0,"73":0,"74":0,"75":0,"76":0,"77":0,"78":0,"79":0,"80":4,"81":0,"82":4,"83":4,"84":2,"85":0,"86":2,"87":0,"88":2,"89":0,"90":2,"91":0,"92":2,"93":2,"94":2,"95":0,"96":2,"97":0,"98":0,"99":0,"100":0,"101":0,"102":0,"103":0,"104":2,"105":1,"106":1,"107":1,"108":1,"109":1,"110":1,"111":1,"112":2,"113":2,"114":1,"115":1,"116":1,"117":1,"118":1,"119":1,"120":1,"121":1,"122":0,"123":0,"124":0,"125":0,"126":0,"127":0,"128":0,"129":1,"130":1,"131":1,"132":1,"133":1,"134":1,"135":1,"136":1,"137":1,"138":1,"139":2,"140":1,"141":1,"142":1,"143":1,"144":1,"145":1,"146":2,"147":1,"148":1,"149":1,"150":0,"151":0,"152":1,"153":1,"154":1,"155":2,"156":1,"157":1,"158":1,"159":1,"160":2,"161":1,"162":1,"163":1,"164":1,"165":2,"166":1,"167":1,"168":1,"169":1,"170":2,"171":1,"172":1,"173":0,"174":0,"175":0,"176":0,"177":0,"178":0,"179":0,"180":0,"181":0,"182":0,"183":0,"184":0,"185":0,"186":0,"187":0,"188":0,"189":0,"190":0,"191":0,"192":0,"193":0,"194":0,"195":0,"196":0,"197":0,"198":0,"199":0,"200":0,"201":0,"202":0,"203":0,"204":0,"205":0,"206":0,"207":0,"208":0,"209":0,"210":0,"211":0,"212":0,"213":0,"214":0,"215":0,"216":0,"217":0,"218":0,"219":0,"220":0,"221":0,"222":0,"223":0,"224":0,"225":0,"226":0,"227":0,"228":0,"229":0,"230":0,"231":0,"232":0,"233":0,"234":0,"235":0,"236":0,"237":0,"238":0,"239":0,"240":0,"241":0,"242":0,"243":0,"244":0,"245":0,"246":0,"247":0,"248":0,"249":0,"250":0,"251":0,"252":0,"253":0,"254":0,"255":0,"256":0,"257":0,"258":0,"259":0,"260":0,"261":0,"262":1,"263":1},"f":{"0":1,"1":0,"2":0,"3":0,"4":0,"5":1,"6":2,"7":0,"8":0,"9":0,"10":0,"11":0,"12":0,"13":0,"14":1,"15":2,"16":2,"17":2,"18":2,"19":2,"20":2,"21":2,"22":0,"23":0,"24":0,"25":0,"26":0,"27":0,"28":0,"29":0,"30":0},"b":{"0":[0,0],"1":[0],"2":[0,0],"3":[0,0],"4":[0],"5":[0,0],"6":[0],"7":[0],"8":[1],"9":[1,0,0,0,0,0,0,0,0,0,0],"10":[0],"11":[0],"12":[0,0,0],"13":[0],"14":[0],"15":[2,0],"16":[2],"17":[0],"18":[0],"19":[0,0,0],"20":[0],"21":[2],"22":[0,0],"23":[0,0,0],"24":[0],"25":[0,0],"26":[0],"27":[0],"28":[0,4],"29":[4,0],"30":[2,2],"31":[0,2],"32":[0,2],"33":[2,2],"34":[0,2],"35":[2,2],"36":[0,2],"37":[2,2],"38":[2,0],"39":[2,0],"40":[0,2],"41":[0,0],"42":[0,0],"43":[0,0],"44":[1,0],"45":[0,1],"46":[1,1],"47":[2,1],"48":[1],"49":[1,0],"50":[1,0],"51":[1,0,0,0],"52":[0,0],"53":[0,0,0,0],"54":[0,0],"55":[0],"56":[1],"57":[1],"58":[2,1,1],"59":[1],"60":[1,1],"61":[2,1],"62":[1,0],"63":[0],"64":[1],"65":[1],"66":[1],"67":[0,0],"68":[0],"69":[0],"70":[0,0,0],"71":[0],"72":[0,0],"73":[0,0],"74":[0,0],"75":[0],"76":[0,0],"77":[0],"78":[0,0],"79":[0,0],"80":[0,0],"81":[0,0],"82":[0,0],"83":[0,0],"84":[0,0],"85":[0,0],"86":[0,0],"87":[0],"88":[0,0],"89":[0],"90":[0,0],"91":[0,0],"92":[0,0],"93":[0,0],"94":[0,0],"95":[0,0],"96":[0,0],"97":[0,0],"98":[0,0],"99":[0,0],"100":[0,0],"101":[0,0],"102":[0,0],"103":[0,0],"104":[0,0],"105":[0,0],"106":[0],"107":[0,0],"108":[0],"109":[0,0,0],"110":[0,0],"111":[0],"112":[0],"113":[0,0],"114":[0],"115":[0,0,0,0]}}
,"D:\\ai-api-tester\\backend\\src\\types\\postman-collection.d.ts": {"path":"D:\\ai-api-tester\\backend\\src\\types\\postman-collection.d.ts","statementMap":{},"fnMap":{},"branchMap":{},"s":{},"f":{},"b":{}}
}
