TN:
SF:src\app.module.ts
FN:32,(anonymous_1)
FNF:1
FNH:0
FNDA:0,(anonymous_1)
DA:1,0
DA:2,0
DA:3,0
DA:4,0
DA:5,0
DA:6,0
DA:7,0
DA:8,0
DA:9,0
DA:10,0
DA:11,0
DA:12,0
DA:13,0
DA:14,0
DA:16,0
DA:17,0
DA:18,0
DA:19,0
DA:20,0
DA:21,0
DA:22,0
DA:23,0
DA:24,0
DA:32,0
DA:73,0
LF:25
LH:0
BRDA:34,0,0,0
BRDA:34,0,1,0
BRDA:35,1,0,0
BRDA:35,1,1,0
BRDA:36,2,0,0
BRDA:36,2,1,0
BRDA:37,3,0,0
BRDA:37,3,1,0
BRDA:38,4,0,0
BRDA:38,4,1,0
BRF:10
BRH:0
end_of_record
TN:
SF:src\main.ts
FN:5,bootstrap
FNF:1
FNH:0
FNDA:0,bootstrap
DA:1,0
DA:2,0
DA:3,0
DA:6,0
DA:9,0
DA:15,0
DA:22,0
DA:23,0
DA:24,0
DA:27,0
LF:10
LH:0
BRDA:22,0,0,0
BRDA:22,0,1,0
BRF:2
BRH:0
end_of_record
TN:
SF:src\entities\api-spec.entity.ts
FN:26,(anonymous_2)
FN:26,(anonymous_3)
FNF:2
FNH:0
FNDA:0,(anonymous_2)
FNDA:0,(anonymous_3)
DA:1,2
DA:2,2
DA:22,2
DA:24,2
DA:26,0
DA:27,2
DA:30,2
DA:33,2
DA:36,2
DA:39,2
DA:42,2
DA:45,2
DA:48,2
DA:51,2
DA:54,2
DA:57,2
DA:60,2
DA:63,2
DA:66,2
DA:69,2
DA:72,2
DA:75,2
DA:78,2
DA:81,2
DA:84,2
DA:87,2
LF:26
LH:25
BRF:0
BRH:0
end_of_record
TN:
SF:src\entities\execution-log.entity.ts
FN:9,(anonymous_2)
FNF:1
FNH:0
FNDA:0,(anonymous_2)
DA:1,0
DA:2,0
DA:5,0
DA:7,0
DA:9,0
DA:10,0
DA:13,0
DA:16,0
DA:19,0
DA:22,0
DA:25,0
DA:28,0
DA:31,0
DA:34,0
DA:37,0
DA:40,0
DA:43,0
DA:46,0
LF:18
LH:0
BRF:0
BRH:0
end_of_record
TN:
SF:src\entities\saved-test-case.entity.ts
FN:10,(anonymous_2)
FNF:1
FNH:0
FNDA:0,(anonymous_2)
DA:1,0
DA:2,0
DA:6,0
DA:8,0
DA:10,0
DA:11,0
DA:14,0
DA:17,0
DA:20,0
DA:23,0
DA:26,0
DA:29,0
DA:32,0
DA:35,0
DA:38,0
DA:41,0
DA:44,0
DA:47,0
DA:50,0
LF:19
LH:0
BRF:0
BRH:0
end_of_record
TN:
SF:src\entities\smart-mapping.entity.ts
FN:10,(anonymous_2)
FN:10,(anonymous_3)
FNF:2
FNH:0
FNDA:0,(anonymous_2)
FNDA:0,(anonymous_3)
DA:1,2
DA:2,2
DA:6,2
DA:8,2
DA:10,0
DA:11,2
DA:14,2
DA:17,2
DA:20,2
DA:23,2
DA:26,2
DA:29,2
LF:12
LH:11
BRF:0
BRH:0
end_of_record
TN:
SF:src\entities\stored-dataset.entity.ts
FN:10,(anonymous_2)
FN:10,(anonymous_3)
FNF:2
FNH:0
FNDA:0,(anonymous_2)
FNDA:0,(anonymous_3)
DA:1,2
DA:2,2
DA:6,2
DA:8,2
DA:10,0
DA:11,2
DA:14,2
DA:17,2
DA:20,2
DA:23,2
DA:26,2
DA:29,2
DA:32,2
LF:13
LH:12
BRF:0
BRH:0
end_of_record
TN:
SF:src\entities\test-context.entity.ts
FNF:0
FNH:0
DA:1,0
DA:11,0
DA:13,0
DA:16,0
DA:19,0
DA:22,0
DA:25,0
DA:28,0
DA:31,0
DA:40,0
DA:43,0
LF:11
LH:0
BRF:0
BRH:0
end_of_record
TN:
SF:src\entities\user.entity.ts
FN:23,(anonymous_2)
FN:23,(anonymous_3)
FN:26,(anonymous_4)
FN:26,(anonymous_5)
FN:29,(anonymous_6)
FN:29,(anonymous_7)
FNF:6
FNH:0
FNDA:0,(anonymous_2)
FNDA:0,(anonymous_3)
FNDA:0,(anonymous_4)
FNDA:0,(anonymous_5)
FNDA:0,(anonymous_6)
FNDA:0,(anonymous_7)
DA:1,2
DA:2,2
DA:3,2
DA:4,2
DA:7,2
DA:9,2
DA:12,2
DA:15,2
DA:18,2
DA:21,2
DA:23,0
DA:24,2
DA:26,0
DA:27,2
DA:29,0
DA:30,2
DA:33,2
DA:36,2
LF:18
LH:15
BRF:0
BRH:0
end_of_record
TN:
SF:src\modules\ai-analyzer\ai-analyzer.service.ts
FN:9,(anonymous_2)
FN:17,(anonymous_3)
FN:69,(anonymous_4)
FN:74,(anonymous_5)
FN:90,(anonymous_6)
FN:95,(anonymous_7)
FNF:6
FNH:1
FNDA:1,(anonymous_2)
FNDA:0,(anonymous_3)
FNDA:0,(anonymous_4)
FNDA:0,(anonymous_5)
FNDA:0,(anonymous_6)
FNDA:0,(anonymous_7)
DA:1,1
DA:2,1
DA:5,1
DA:6,1
DA:10,1
DA:11,1
DA:18,0
DA:19,0
DA:20,0
DA:25,0
DA:26,0
DA:32,0
DA:33,0
DA:37,0
DA:41,0
DA:42,0
DA:43,0
DA:44,0
DA:49,0
DA:50,0
DA:56,0
DA:60,0
DA:61,0
DA:66,0
DA:67,0
DA:68,0
DA:69,0
DA:70,0
DA:71,0
DA:73,0
DA:75,0
DA:78,0
DA:79,0
DA:81,0
DA:87,0
DA:91,0
DA:92,0
DA:106,0
DA:107,0
DA:108,0
DA:115,0
DA:124,0
DA:126,0
DA:127,0
LF:44
LH:6
BRDA:10,0,0,1
BRDA:10,0,1,1
BRDA:18,1,0,0
BRDA:42,2,0,0
BRDA:60,3,0,0
BRDA:60,3,1,0
BRDA:66,4,0,0
BRDA:66,4,1,0
BRDA:70,5,0,0
BRDA:75,6,0,0
BRDA:75,6,1,0
BRDA:78,7,0,0
BRDA:79,8,0,0
BRDA:92,9,0,0
BRDA:92,9,1,0
BRDA:113,10,0,0
BRDA:113,10,1,0
BRDA:124,11,0,0
BRDA:124,11,1,0
BRF:19
BRH:2
end_of_record
TN:
SF:src\modules\auth\auth.controller.ts
FN:7,(anonymous_4)
FN:10,(anonymous_5)
FN:19,(anonymous_6)
FN:28,(anonymous_7)
FN:40,(anonymous_8)
FNF:5
FNH:0
FNDA:0,(anonymous_4)
FNDA:0,(anonymous_5)
FNDA:0,(anonymous_6)
FNDA:0,(anonymous_7)
FNDA:0,(anonymous_8)
DA:1,0
DA:2,0
DA:3,0
DA:6,0
DA:7,0
DA:10,0
DA:11,0
DA:12,0
DA:14,0
DA:15,0
DA:19,0
DA:20,0
DA:21,0
DA:23,0
DA:28,0
DA:29,0
DA:30,0
DA:40,0
DA:41,0
DA:42,0
LF:20
LH:0
BRDA:11,0,0,0
BRDA:11,1,0,0
BRDA:11,1,1,0
BRDA:20,2,0,0
BRDA:20,3,0,0
BRDA:20,3,1,0
BRF:6
BRH:0
end_of_record
TN:
SF:src\modules\auth\auth.module.ts
FNF:0
FNH:0
DA:1,0
DA:2,0
DA:3,0
DA:4,0
DA:5,0
DA:13,0
LF:6
LH:0
BRF:0
BRH:0
end_of_record
TN:
SF:src\modules\auth\auth.service.ts
FN:11,(anonymous_4)
FN:16,(anonymous_5)
FN:32,(anonymous_6)
FN:61,(anonymous_7)
FN:69,(anonymous_8)
FNF:5
FNH:3
FNDA:7,(anonymous_4)
FNDA:3,(anonymous_5)
FNDA:3,(anonymous_6)
FNDA:0,(anonymous_7)
FNDA:0,(anonymous_8)
DA:1,1
DA:2,1
DA:3,1
DA:4,1
DA:5,1
DA:6,1
DA:7,1
DA:10,1
DA:13,7
DA:17,3
DA:18,3
DA:19,3
DA:20,1
DA:23,2
DA:24,2
DA:25,2
DA:26,2
DA:27,2
DA:29,2
DA:33,3
DA:34,3
DA:35,3
DA:36,1
DA:39,2
DA:40,2
DA:41,1
DA:44,1
DA:50,1
DA:62,0
DA:63,0
DA:64,0
DA:66,0
DA:70,0
DA:71,0
DA:72,0
DA:74,0
DA:75,0
LF:37
LH:28
BRDA:19,0,0,1
BRDA:27,1,0,2
BRDA:27,1,1,1
BRDA:35,2,0,1
BRDA:40,3,0,1
BRDA:56,4,0,1
BRDA:56,4,1,0
BRDA:63,5,0,0
BRDA:71,6,0,0
BRDA:74,7,0,0
BRDA:74,7,1,0
BRF:11
BRH:6
end_of_record
TN:
SF:src\modules\auth\jwt-auth.guard.ts
FN:8,(anonymous_1)
FNF:1
FNH:0
FNDA:0,(anonymous_1)
DA:1,1
DA:2,1
DA:4,1
DA:7,1
DA:9,0
DA:10,0
DA:11,0
DA:12,0
DA:15,0
DA:16,0
DA:17,0
DA:20,0
DA:21,0
DA:22,0
DA:23,0
DA:25,0
LF:16
LH:4
BRDA:4,0,0,1
BRDA:4,0,1,1
BRDA:11,1,0,0
BRDA:16,2,0,0
BRDA:16,3,0,0
BRDA:16,3,1,0
BRF:6
BRH:2
end_of_record
TN:
SF:src\modules\context\context.service.ts
FN:12,(anonymous_1)
FN:28,(anonymous_2)
FN:35,(anonymous_3)
FN:47,(anonymous_4)
FNF:4
FNH:4
FNDA:1,(anonymous_1)
FNDA:1,(anonymous_2)
FNDA:1,(anonymous_3)
FNDA:1,(anonymous_4)
DA:1,1
DA:11,1
DA:19,1
DA:22,1
DA:23,1
DA:27,1
DA:28,1
DA:29,1
DA:34,1
DA:35,1
DA:36,1
DA:41,1
DA:42,1
DA:46,1
DA:47,1
DA:48,1
DA:52,1
LF:17
LH:17
BRDA:22,0,0,1
BRDA:27,1,0,1
BRDA:34,2,0,1
BRDA:41,3,0,1
BRDA:46,4,0,1
BRF:5
BRH:5
end_of_record
TN:
SF:src\modules\dataset\dataset.controller.ts
FN:11,(anonymous_4)
FN:18,(anonymous_5)
FN:22,(anonymous_6)
FN:31,(anonymous_7)
FN:56,(anonymous_8)
FN:61,(anonymous_9)
FNF:6
FNH:0
FNDA:0,(anonymous_4)
FNDA:0,(anonymous_5)
FNDA:0,(anonymous_6)
FNDA:0,(anonymous_7)
FNDA:0,(anonymous_8)
FNDA:0,(anonymous_9)
DA:1,0
DA:2,0
DA:3,0
DA:4,0
DA:5,0
DA:6,0
DA:10,0
DA:12,0
DA:14,0
DA:18,0
DA:19,0
DA:22,0
DA:31,0
DA:35,0
DA:36,0
DA:37,0
DA:40,0
DA:41,0
DA:42,0
DA:43,0
DA:45,0
DA:46,0
DA:47,0
DA:48,0
DA:50,0
DA:51,0
DA:53,0
DA:57,0
DA:58,0
DA:60,0
DA:61,0
DA:62,0
DA:63,0
DA:64,0
DA:65,0
DA:66,0
DA:67,0
DA:68,0
DA:69,0
DA:71,0
DA:74,0
DA:75,0
DA:78,0
DA:81,0
LF:44
LH:0
BRDA:36,0,0,0
BRDA:40,1,0,0
BRDA:46,2,0,0
BRDA:46,2,1,0
BRDA:56,3,0,0
BRDA:57,4,0,0
BRDA:57,5,0,0
BRDA:57,5,1,0
BRDA:63,6,0,0
BRDA:63,6,1,0
BRDA:64,7,0,0
BRDA:64,7,1,0
BRDA:64,8,0,0
BRDA:64,8,1,0
BRDA:65,9,0,0
BRDA:65,9,1,0
BRDA:67,10,0,0
BRDA:67,10,1,0
BRDA:67,11,0,0
BRDA:67,11,1,0
BRF:20
BRH:0
end_of_record
TN:
SF:src\modules\dataset\dataset.service.ts
FN:14,(anonymous_1)
FN:18,(anonymous_2)
FN:22,(anonymous_3)
FN:24,(anonymous_4)
FN:34,(anonymous_5)
FN:55,(anonymous_6)
FN:59,(anonymous_7)
FNF:7
FNH:3
FNDA:1,(anonymous_1)
FNDA:2,(anonymous_2)
FNDA:0,(anonymous_3)
FNDA:0,(anonymous_4)
FNDA:3,(anonymous_5)
FNDA:0,(anonymous_6)
FNDA:0,(anonymous_7)
DA:1,1
DA:13,1
DA:15,1
DA:17,1
DA:18,2
DA:19,0
DA:21,0
DA:22,0
DA:23,0
DA:24,0
DA:28,1
DA:39,3
DA:41,3
DA:43,1
DA:45,1
DA:47,0
DA:48,0
DA:50,0
DA:52,1
DA:54,0
DA:55,0
DA:56,0
DA:58,0
DA:59,0
DA:61,0
LF:25
LH:11
BRDA:17,0,0,1
BRDA:17,0,1,0
BRDA:18,1,0,2
BRDA:18,1,1,2
BRDA:19,2,0,0
BRDA:19,3,0,0
BRDA:19,3,1,0
BRDA:23,4,0,0
BRDA:23,5,0,0
BRDA:23,5,1,0
BRDA:24,6,0,0
BRDA:24,6,1,0
BRDA:39,7,0,0
BRDA:39,8,0,3
BRDA:39,8,1,3
BRDA:41,9,0,1
BRDA:41,9,1,1
BRDA:41,9,2,0
BRDA:41,9,3,0
BRDA:41,9,4,1
BRDA:41,9,5,0
BRDA:41,9,6,0
BRDA:41,9,7,0
BRDA:52,10,0,1
BRDA:52,10,1,0
BRDA:54,11,0,0
BRDA:54,11,1,0
BRDA:58,12,0,0
BRF:28
BRH:9
end_of_record
TN:
SF:src\modules\intelligence\intelligence.controller.ts
FN:12,(anonymous_4)
FN:21,(anonymous_5)
FN:25,(anonymous_6)
FN:35,(anonymous_7)
FN:41,(anonymous_8)
FN:43,(anonymous_9)
FN:45,(anonymous_10)
FN:61,(anonymous_11)
FN:74,(anonymous_12)
FN:102,(anonymous_13)
FNF:10
FNH:0
FNDA:0,(anonymous_4)
FNDA:0,(anonymous_5)
FNDA:0,(anonymous_6)
FNDA:0,(anonymous_7)
FNDA:0,(anonymous_8)
FNDA:0,(anonymous_9)
FNDA:0,(anonymous_10)
FNDA:0,(anonymous_11)
FNDA:0,(anonymous_12)
FNDA:0,(anonymous_13)
DA:1,0
DA:2,0
DA:3,0
DA:4,0
DA:5,0
DA:6,0
DA:7,0
DA:11,0
DA:13,0
DA:15,0
DA:17,0
DA:21,0
DA:22,0
DA:25,0
DA:35,0
DA:36,0
DA:37,0
DA:40,0
DA:41,0
DA:42,0
DA:43,0
DA:44,0
DA:45,0
DA:46,0
DA:47,0
DA:54,0
DA:56,0
DA:61,0
DA:62,0
DA:65,0
DA:66,0
DA:68,0
DA:69,0
DA:70,0
DA:74,0
DA:75,0
DA:83,0
DA:84,0
DA:85,0
DA:86,0
DA:87,0
DA:88,0
DA:90,0
DA:91,0
DA:92,0
DA:102,0
DA:103,0
DA:106,0
DA:107,0
DA:109,0
DA:110,0
LF:51
LH:0
BRDA:30,0,0,0
BRDA:30,0,1,0
BRDA:42,1,0,0
BRDA:44,2,0,0
BRDA:44,3,0,0
BRDA:44,3,1,0
BRDA:46,4,0,0
BRDA:65,5,0,0
BRDA:83,6,0,0
BRDA:106,7,0,0
BRF:10
BRH:0
end_of_record
TN:
SF:src\modules\intelligence\intelligence.service.ts
FN:12,(anonymous_1)
FN:18,(anonymous_2)
FN:22,(anonymous_3)
FN:23,(anonymous_4)
FNF:4
FNH:0
FNDA:0,(anonymous_1)
FNDA:0,(anonymous_2)
FNDA:0,(anonymous_3)
FNDA:0,(anonymous_4)
DA:1,0
DA:11,0
DA:16,0
DA:18,0
DA:19,0
DA:20,0
DA:22,0
DA:23,0
DA:24,0
DA:25,0
DA:27,0
DA:28,0
DA:34,0
DA:35,0
DA:36,0
DA:37,0
DA:38,0
DA:39,0
DA:41,0
DA:47,0
DA:53,0
DA:55,0
DA:59,0
DA:65,0
DA:70,0
DA:71,0
DA:75,0
LF:27
LH:0
BRDA:27,0,0,0
BRDA:27,0,1,0
BRDA:35,1,0,0
BRDA:35,1,1,0
BRDA:39,2,0,0
BRDA:39,2,1,0
BRDA:41,3,0,0
BRDA:42,4,0,0
BRDA:42,4,1,0
BRDA:42,4,2,0
BRDA:42,4,3,0
BRDA:55,5,0,0
BRDA:56,6,0,0
BRDA:56,6,1,0
BRDA:56,6,2,0
BRDA:70,7,0,0
BRF:16
BRH:0
end_of_record
TN:
SF:src\modules\parser\parser.controller.ts
FN:12,(anonymous_4)
FN:19,(anonymous_5)
FN:27,(anonymous_6)
FN:49,(anonymous_7)
FN:70,(anonymous_8)
FN:102,(anonymous_9)
FN:148,(anonymous_10)
FN:164,(anonymous_11)
FN:190,(anonymous_12)
FN:205,(anonymous_13)
FN:226,(anonymous_14)
FN:251,(anonymous_15)
FNF:12
FNH:0
FNDA:0,(anonymous_4)
FNDA:0,(anonymous_5)
FNDA:0,(anonymous_6)
FNDA:0,(anonymous_7)
FNDA:0,(anonymous_8)
FNDA:0,(anonymous_9)
FNDA:0,(anonymous_10)
FNDA:0,(anonymous_11)
FNDA:0,(anonymous_12)
FNDA:0,(anonymous_13)
FNDA:0,(anonymous_14)
FNDA:0,(anonymous_15)
DA:1,0
DA:2,0
DA:3,0
DA:4,0
DA:5,0
DA:6,0
DA:7,0
DA:11,0
DA:13,0
DA:15,0
DA:19,0
DA:20,0
DA:27,0
DA:28,0
DA:30,0
DA:33,0
DA:34,0
DA:35,0
DA:36,0
DA:38,0
DA:39,0
DA:40,0
DA:41,0
DA:42,0
DA:44,0
DA:45,0
DA:49,0
DA:50,0
DA:52,0
DA:55,0
DA:56,0
DA:57,0
DA:58,0
DA:60,0
DA:61,0
DA:62,0
DA:63,0
DA:65,0
DA:66,0
DA:70,0
DA:71,0
DA:72,0
DA:74,0
DA:75,0
DA:76,0
DA:77,0
DA:79,0
DA:82,0
DA:83,0
DA:84,0
DA:85,0
DA:87,0
DA:88,0
DA:89,0
DA:90,0
DA:91,0
DA:92,0
DA:94,0
DA:95,0
DA:97,0
DA:102,0
DA:103,0
DA:104,0
DA:107,0
DA:110,0
DA:111,0
DA:114,0
DA:115,0
DA:118,0
DA:119,0
DA:120,0
DA:121,0
DA:124,0
DA:130,0
DA:131,0
DA:132,0
DA:133,0
DA:135,0
DA:137,0
DA:143,0
DA:148,0
DA:149,0
DA:150,0
DA:152,0
DA:155,0
DA:156,0
DA:158,0
DA:159,0
DA:160,0
DA:164,0
DA:165,0
DA:166,0
DA:168,0
DA:171,0
DA:172,0
DA:176,0
DA:177,0
DA:178,0
DA:179,0
DA:181,0
DA:184,0
DA:185,0
DA:186,0
DA:190,0
DA:191,0
DA:192,0
DA:194,0
DA:197,0
DA:198,0
DA:200,0
DA:201,0
DA:205,0
DA:210,0
DA:213,0
DA:214,0
DA:216,0
DA:217,0
DA:218,0
DA:219,0
DA:221,0
DA:222,0
DA:226,0
DA:231,0
DA:234,0
DA:235,0
DA:237,0
DA:238,0
DA:239,0
DA:240,0
DA:241,0
DA:242,0
DA:243,0
DA:244,0
DA:245,0
DA:246,0
DA:247,0
DA:251,0
DA:252,0
LF:138
LH:0
BRDA:33,0,0,0
BRDA:42,1,0,0
BRDA:42,1,1,0
BRDA:55,2,0,0
BRDA:71,3,0,0
BRDA:82,4,0,0
BRDA:91,5,0,0
BRDA:91,5,1,0
BRDA:103,6,0,0
BRDA:110,7,0,0
BRDA:114,8,0,0
BRDA:125,9,0,0
BRDA:125,9,1,0
BRDA:126,10,0,0
BRDA:126,10,1,0
BRDA:133,11,0,0
BRDA:133,11,1,0
BRDA:149,12,0,0
BRDA:155,13,0,0
BRDA:165,14,0,0
BRDA:165,15,0,0
BRDA:165,15,1,0
BRDA:171,16,0,0
BRDA:191,17,0,0
BRDA:197,18,0,0
BRDA:213,19,0,0
BRDA:216,20,0,0
BRDA:216,20,1,0
BRDA:217,21,0,0
BRDA:217,21,1,0
BRDA:218,22,0,0
BRDA:234,23,0,0
BRDA:244,24,0,0
BRDA:244,24,1,0
BRDA:245,25,0,0
BRDA:245,25,1,0
BRDA:252,26,0,0
BRDA:252,26,1,0
BRDA:252,27,0,0
BRDA:252,27,1,0
BRF:40
BRH:0
end_of_record
TN:
SF:src\modules\parser\parser.service.ts
FN:25,(anonymous_1)
FN:55,(anonymous_2)
FN:60,(anonymous_3)
FN:67,(anonymous_4)
FN:118,(anonymous_5)
FN:124,(anonymous_6)
FN:162,(anonymous_7)
FN:163,(anonymous_8)
FN:164,(anonymous_9)
FN:171,(anonymous_10)
FN:186,(anonymous_11)
FNF:11
FNH:10
FNDA:1,(anonymous_1)
FNDA:1,(anonymous_2)
FNDA:7,(anonymous_3)
FNDA:0,(anonymous_4)
FNDA:2,(anonymous_5)
FNDA:4,(anonymous_6)
FNDA:1,(anonymous_7)
FNDA:2,(anonymous_8)
FNDA:2,(anonymous_9)
FNDA:2,(anonymous_10)
FNDA:2,(anonymous_11)
DA:1,1
DA:2,1
DA:6,1
DA:24,1
DA:26,1
DA:27,1
DA:28,1
DA:29,0
DA:30,0
DA:31,0
DA:33,0
DA:34,0
DA:36,0
DA:41,1
DA:42,1
DA:43,1
DA:46,1
DA:52,1
DA:54,1
DA:55,1
DA:56,1
DA:57,1
DA:58,1
DA:60,1
DA:61,7
DA:62,7
DA:64,1
DA:65,1
DA:67,1
DA:68,0
DA:77,1
DA:78,0
DA:79,0
DA:80,0
DA:85,1
DA:86,1
DA:87,1
DA:88,0
DA:92,1
DA:106,1
DA:114,0
DA:119,2
DA:120,2
DA:121,2
DA:122,2
DA:124,2
DA:125,4
DA:126,4
DA:128,4
DA:129,4
DA:130,4
DA:133,4
DA:134,0
DA:135,0
DA:137,0
DA:141,4
DA:151,2
DA:158,0
DA:163,2
DA:164,2
DA:166,1
DA:167,1
DA:168,1
DA:169,1
DA:171,1
DA:172,2
DA:173,2
DA:174,2
DA:175,1
DA:177,1
DA:178,1
DA:179,1
DA:181,0
DA:186,1
DA:187,2
DA:188,2
DA:189,1
DA:193,1
LF:78
LH:61
BRDA:28,0,0,0
BRDA:30,1,0,0
BRDA:30,1,1,0
BRDA:30,2,0,0
BRDA:30,2,1,0
BRDA:42,3,0,1
BRDA:42,3,1,0
BRDA:43,4,0,1
BRDA:43,4,1,0
BRDA:46,5,0,0
BRDA:46,5,1,1
BRDA:46,6,0,1
BRDA:46,6,1,0
BRDA:46,6,2,0
BRDA:48,7,0,0
BRDA:48,7,1,1
BRDA:48,8,0,1
BRDA:48,8,1,0
BRDA:48,8,2,0
BRDA:49,9,0,0
BRDA:49,9,1,0
BRDA:54,10,0,1
BRDA:56,11,0,0
BRDA:62,12,0,6
BRDA:65,13,0,1
BRDA:65,13,1,1
BRDA:65,14,0,1
BRDA:65,14,1,1
BRDA:72,15,0,0
BRDA:72,15,1,0
BRDA:77,16,0,0
BRDA:79,17,0,0
BRDA:85,18,0,1
BRDA:86,19,0,1
BRDA:86,19,1,0
BRDA:86,19,2,0
BRDA:87,20,0,0
BRDA:109,21,0,1
BRDA:109,21,1,0
BRDA:121,22,0,2
BRDA:121,22,1,0
BRDA:126,23,0,0
BRDA:128,24,0,1
BRDA:128,24,1,3
BRDA:128,25,0,4
BRDA:128,25,1,4
BRDA:133,26,0,0
BRDA:133,27,0,4
BRDA:133,27,1,0
BRDA:174,28,0,1
BRDA:174,28,1,1
BRDA:177,29,0,1
BRDA:177,29,1,1
BRDA:177,30,0,1
BRDA:177,30,1,0
BRDA:178,31,0,1
BRDA:178,31,1,0
BRDA:188,32,0,1
BRF:58
BRH:28
end_of_record
TN:
SF:src\modules\runner\runner.controller.ts
FN:18,(anonymous_4)
FN:34,(anonymous_5)
FN:47,(anonymous_6)
FN:88,(anonymous_7)
FN:94,(anonymous_8)
FN:107,(anonymous_9)
FN:151,(anonymous_10)
FN:164,(anonymous_11)
FN:200,(anonymous_12)
FN:237,(anonymous_13)
FN:243,(anonymous_14)
FN:245,(anonymous_15)
FN:247,(anonymous_16)
FN:260,(anonymous_17)
FN:296,(anonymous_18)
FN:325,(anonymous_19)
FN:340,(anonymous_20)
FNF:17
FNH:0
FNDA:0,(anonymous_4)
FNDA:0,(anonymous_5)
FNDA:0,(anonymous_6)
FNDA:0,(anonymous_7)
FNDA:0,(anonymous_8)
FNDA:0,(anonymous_9)
FNDA:0,(anonymous_10)
FNDA:0,(anonymous_11)
FNDA:0,(anonymous_12)
FNDA:0,(anonymous_13)
FNDA:0,(anonymous_14)
FNDA:0,(anonymous_15)
FNDA:0,(anonymous_16)
FNDA:0,(anonymous_17)
FNDA:0,(anonymous_18)
FNDA:0,(anonymous_19)
FNDA:0,(anonymous_20)
DA:1,0
DA:2,0
DA:3,0
DA:4,0
DA:5,0
DA:6,0
DA:7,0
DA:8,0
DA:9,0
DA:10,0
DA:11,0
DA:12,0
DA:13,0
DA:17,0
DA:19,0
DA:20,0
DA:21,0
DA:22,0
DA:24,0
DA:26,0
DA:28,0
DA:30,0
DA:34,0
DA:35,0
DA:36,0
DA:37,0
DA:39,0
DA:40,0
DA:42,0
DA:43,0
DA:47,0
DA:53,0
DA:54,0
DA:57,0
DA:60,0
DA:61,0
DA:64,0
DA:75,0
DA:88,0
DA:89,0
DA:94,0
DA:107,0
DA:108,0
DA:109,0
DA:111,0
DA:114,0
DA:115,0
DA:119,0
DA:120,0
DA:121,0
DA:124,0
DA:126,0
DA:127,0
DA:128,0
DA:129,0
DA:130,0
DA:131,0
DA:132,0
DA:133,0
DA:134,0
DA:135,0
DA:136,0
DA:137,0
DA:138,0
DA:140,0
DA:143,0
DA:144,0
DA:147,0
DA:151,0
DA:152,0
DA:153,0
DA:155,0
DA:158,0
DA:159,0
DA:163,0
DA:164,0
DA:165,0
DA:166,0
DA:170,0
DA:172,0
DA:173,0
DA:174,0
DA:175,0
DA:176,0
DA:177,0
DA:178,0
DA:179,0
DA:180,0
DA:181,0
DA:182,0
DA:183,0
DA:184,0
DA:185,0
DA:186,0
DA:187,0
DA:189,0
DA:192,0
DA:193,0
DA:197,0
DA:201,0
DA:202,0
DA:203,0
DA:204,0
DA:205,0
DA:206,0
DA:208,0
DA:209,0
DA:212,0
DA:214,0
DA:217,0
DA:218,0
DA:219,0
DA:220,0
DA:222,0
DA:223,0
DA:224,0
DA:225,0
DA:227,0
DA:228,0
DA:230,0
DA:233,0
DA:238,0
DA:239,0
DA:240,0
DA:243,0
DA:244,0
DA:245,0
DA:246,0
DA:247,0
DA:248,0
DA:249,0
DA:257,0
DA:260,0
DA:265,0
DA:267,0
DA:268,0
DA:277,0
DA:278,0
DA:279,0
DA:280,0
DA:281,0
DA:282,0
DA:283,0
DA:284,0
DA:285,0
DA:291,0
DA:296,0
DA:299,0
DA:305,0
DA:306,0
DA:307,0
DA:315,0
DA:317,0
DA:321,0
DA:325,0
DA:326,0
DA:327,0
DA:329,0
DA:332,0
DA:333,0
DA:335,0
DA:336,0
DA:340,0
DA:341,0
DA:342,0
DA:344,0
DA:347,0
DA:348,0
DA:351,0
DA:356,0
LF:170
LH:0
BRDA:36,0,0,0
BRDA:36,0,1,0
BRDA:37,1,0,0
BRDA:37,1,1,0
BRDA:40,2,0,0
BRDA:40,2,1,0
BRDA:53,3,0,0
BRDA:53,4,0,0
BRDA:53,4,1,0
BRDA:53,4,2,0
BRDA:60,5,0,0
BRDA:100,6,0,0
BRDA:100,6,1,0
BRDA:101,7,0,0
BRDA:101,7,1,0
BRDA:108,8,0,0
BRDA:114,9,0,0
BRDA:120,10,0,0
BRDA:120,11,0,0
BRDA:120,11,1,0
BRDA:130,12,0,0
BRDA:130,12,1,0
BRDA:131,13,0,0
BRDA:131,13,1,0
BRDA:135,14,0,0
BRDA:135,14,1,0
BRDA:143,15,0,0
BRDA:143,16,0,0
BRDA:143,16,1,0
BRDA:152,17,0,0
BRDA:158,18,0,0
BRDA:165,19,0,0
BRDA:165,20,0,0
BRDA:165,20,1,0
BRDA:184,21,0,0
BRDA:184,21,1,0
BRDA:192,22,0,0
BRDA:192,23,0,0
BRDA:192,23,1,0
BRDA:203,24,0,0
BRDA:203,25,0,0
BRDA:203,25,1,0
BRDA:206,26,0,0
BRDA:206,26,1,0
BRDA:208,27,0,0
BRDA:208,28,0,0
BRDA:208,28,1,0
BRDA:208,28,2,0
BRDA:217,29,0,0
BRDA:223,30,0,0
BRDA:223,30,1,0
BRDA:244,31,0,0
BRDA:246,32,0,0
BRDA:246,33,0,0
BRDA:246,33,1,0
BRDA:248,34,0,0
BRDA:262,35,0,0
BRDA:262,35,1,0
BRDA:277,36,0,0
BRDA:301,37,0,0
BRDA:301,37,1,0
BRDA:302,38,0,0
BRDA:302,38,1,0
BRDA:305,39,0,0
BRDA:309,40,0,0
BRDA:309,40,1,0
BRDA:310,41,0,0
BRDA:310,41,1,0
BRDA:326,42,0,0
BRDA:332,43,0,0
BRDA:341,44,0,0
BRDA:341,45,0,0
BRDA:341,45,1,0
BRDA:341,45,2,0
BRDA:347,46,0,0
BRF:75
BRH:0
end_of_record
TN:
SF:src\modules\runner\runner.service.ts
FN:39,isStatusMatchingExpected
FN:69,(anonymous_3)
FN:71,(anonymous_4)
FN:203,(anonymous_5)
FN:205,(anonymous_6)
FN:205,(anonymous_7)
FN:208,(anonymous_8)
FNF:7
FNH:1
FNDA:0,isStatusMatchingExpected
FNDA:1,(anonymous_3)
FNDA:0,(anonymous_4)
FNDA:0,(anonymous_5)
FNDA:0,(anonymous_6)
FNDA:0,(anonymous_7)
FNDA:0,(anonymous_8)
DA:1,1
DA:2,1
DA:3,1
DA:4,1
DA:5,1
DA:40,0
DA:41,0
DA:45,0
DA:46,0
DA:47,0
DA:48,0
DA:51,0
DA:52,0
DA:53,0
DA:55,0
DA:56,0
DA:58,0
DA:59,0
DA:62,0
DA:66,1
DA:67,1
DA:69,1
DA:72,0
DA:73,0
DA:74,0
DA:75,0
DA:76,0
DA:79,0
DA:80,0
DA:81,0
DA:82,0
DA:83,0
DA:91,0
DA:92,0
DA:94,0
DA:95,0
DA:99,0
DA:105,0
DA:106,0
DA:107,0
DA:108,0
DA:109,0
DA:117,0
DA:118,0
DA:121,0
DA:122,0
DA:123,0
DA:124,0
DA:125,0
DA:127,0
DA:131,0
DA:132,0
DA:134,0
DA:135,0
DA:137,0
DA:138,0
DA:146,0
DA:149,0
DA:162,0
DA:163,0
DA:164,0
DA:165,0
DA:167,0
DA:168,0
DA:169,0
DA:171,0
DA:173,0
DA:174,0
DA:176,0
DA:177,0
DA:185,0
DA:188,0
DA:204,0
DA:205,0
DA:206,0
DA:209,0
LF:76
LH:8
BRDA:40,0,0,0
BRDA:41,1,0,0
BRDA:41,1,1,0
BRDA:46,2,0,0
BRDA:52,3,0,0
BRDA:52,4,0,0
BRDA:52,4,1,0
BRDA:52,4,2,0
BRDA:53,5,0,0
BRDA:53,5,1,0
BRDA:55,6,0,0
BRDA:55,7,0,0
BRDA:55,7,1,0
BRDA:55,7,2,0
BRDA:55,7,3,0
BRDA:58,8,0,0
BRDA:58,9,0,0
BRDA:58,9,1,0
BRDA:59,10,0,0
BRDA:59,10,1,0
BRDA:62,11,0,0
BRDA:62,11,1,0
BRDA:73,12,0,0
BRDA:73,12,1,0
BRDA:75,13,0,0
BRDA:75,13,1,0
BRDA:76,14,0,0
BRDA:76,14,1,0
BRDA:79,15,0,0
BRDA:79,16,0,0
BRDA:79,16,1,0
BRDA:91,17,0,0
BRDA:91,18,0,0
BRDA:91,18,1,0
BRDA:92,19,0,0
BRDA:92,19,1,0
BRDA:92,19,2,0
BRDA:94,20,0,0
BRDA:108,21,0,0
BRDA:108,21,1,0
BRDA:118,22,0,0
BRDA:118,22,1,0
BRDA:122,23,0,0
BRDA:132,24,0,0
BRDA:132,24,1,0
BRDA:137,25,0,0
BRDA:143,26,0,0
BRDA:143,26,1,0
BRDA:156,27,0,0
BRDA:156,27,1,0
BRDA:163,28,0,0
BRDA:168,29,0,0
BRDA:168,29,1,0
BRDA:169,30,0,0
BRDA:169,30,1,0
BRDA:176,31,0,0
BRDA:182,32,0,0
BRDA:182,32,1,0
BRDA:195,33,0,0
BRDA:195,33,1,0
BRDA:203,34,0,0
BRF:61
BRH:0
end_of_record
TN:
SF:src\modules\scenario\scenario.controller.ts
FN:12,(anonymous_4)
FN:21,(anonymous_5)
FN:45,(anonymous_6)
FN:104,(anonymous_7)
FNF:4
FNH:0
FNDA:0,(anonymous_4)
FNDA:0,(anonymous_5)
FNDA:0,(anonymous_6)
FNDA:0,(anonymous_7)
DA:1,0
DA:2,0
DA:3,0
DA:4,0
DA:5,0
DA:6,0
DA:7,0
DA:11,0
DA:14,0
DA:16,0
DA:17,0
DA:21,0
DA:26,0
DA:27,0
DA:31,0
DA:34,0
DA:35,0
DA:38,0
DA:45,0
DA:63,0
DA:64,0
DA:68,0
DA:71,0
DA:72,0
DA:75,0
DA:83,0
DA:84,0
DA:85,0
DA:86,0
DA:87,0
DA:90,0
DA:91,0
DA:92,0
DA:93,0
DA:94,0
DA:95,0
DA:96,0
DA:97,0
DA:98,0
DA:100,0
DA:104,0
DA:105,0
DA:110,0
DA:111,0
DA:114,0
DA:115,0
DA:118,0
DA:119,0
LF:48
LH:0
BRDA:26,0,0,0
BRDA:34,1,0,0
BRDA:63,2,0,0
BRDA:71,3,0,0
BRDA:83,4,0,0
BRDA:90,5,0,0
BRDA:90,5,1,0
BRDA:91,6,0,0
BRDA:91,6,1,0
BRDA:92,7,0,0
BRDA:92,7,1,0
BRDA:110,8,0,0
BRDA:114,9,0,0
BRF:13
BRH:0
end_of_record
TN:
SF:src\modules\scenario\scenario.service.ts
FN:26,(anonymous_4)
FN:33,(anonymous_5)
FN:61,(anonymous_6)
FN:66,(anonymous_7)
FN:80,(anonymous_8)
FN:85,(anonymous_9)
FN:116,(anonymous_10)
FN:124,(anonymous_11)
FN:125,(anonymous_12)
FN:132,(anonymous_13)
FN:134,(anonymous_14)
FN:147,(anonymous_15)
FN:148,(anonymous_16)
FN:153,(anonymous_17)
FN:205,(anonymous_18)
FN:226,(anonymous_19)
FN:276,(anonymous_20)
FN:293,(anonymous_21)
FN:311,(anonymous_22)
FN:325,(anonymous_23)
FN:339,(anonymous_24)
FN:353,(anonymous_25)
FN:366,(anonymous_26)
FN:387,(anonymous_27)
FN:389,(anonymous_28)
FN:463,(anonymous_29)
FN:494,(anonymous_30)
FN:516,(anonymous_31)
FN:520,(anonymous_32)
FN:555,(anonymous_33)
FN:571,(anonymous_34)
FNF:31
FNH:11
FNDA:1,(anonymous_4)
FNDA:0,(anonymous_5)
FNDA:0,(anonymous_6)
FNDA:0,(anonymous_7)
FNDA:0,(anonymous_8)
FNDA:1,(anonymous_9)
FNDA:2,(anonymous_10)
FNDA:0,(anonymous_11)
FNDA:0,(anonymous_12)
FNDA:0,(anonymous_13)
FNDA:0,(anonymous_14)
FNDA:0,(anonymous_15)
FNDA:0,(anonymous_16)
FNDA:0,(anonymous_17)
FNDA:1,(anonymous_18)
FNDA:2,(anonymous_19)
FNDA:2,(anonymous_20)
FNDA:2,(anonymous_21)
FNDA:2,(anonymous_22)
FNDA:2,(anonymous_23)
FNDA:2,(anonymous_24)
FNDA:2,(anonymous_25)
FNDA:0,(anonymous_26)
FNDA:0,(anonymous_27)
FNDA:0,(anonymous_28)
FNDA:0,(anonymous_29)
FNDA:0,(anonymous_30)
FNDA:0,(anonymous_31)
FNDA:0,(anonymous_32)
FNDA:0,(anonymous_33)
FNDA:0,(anonymous_34)
DA:1,1
DA:2,1
DA:3,1
DA:4,1
DA:5,1
DA:6,1
DA:22,1
DA:23,1
DA:28,1
DA:30,1
DA:34,0
DA:35,0
DA:36,0
DA:37,0
DA:42,0
DA:43,0
DA:48,0
DA:52,0
DA:53,0
DA:58,0
DA:59,0
DA:60,0
DA:61,0
DA:62,0
DA:63,0
DA:65,0
DA:67,0
DA:70,0
DA:71,0
DA:72,0
DA:77,0
DA:81,0
DA:82,0
DA:86,1
DA:87,1
DA:89,1
DA:102,1
DA:104,0
DA:105,0
DA:107,0
DA:108,0
DA:110,0
DA:111,0
DA:113,0
DA:120,2
DA:121,2
DA:124,2
DA:125,2
DA:127,2
DA:128,4
DA:130,4
DA:132,2
DA:133,2
DA:134,0
DA:135,0
DA:136,0
DA:137,0
DA:138,0
DA:139,0
DA:140,0
DA:146,2
DA:147,2
DA:148,0
DA:149,0
DA:152,2
DA:153,0
DA:154,0
DA:155,0
DA:156,0
DA:157,0
DA:158,0
DA:159,0
DA:167,4
DA:168,0
DA:170,4
DA:172,4
DA:173,2
DA:174,0
DA:175,2
DA:176,0
DA:177,2
DA:178,0
DA:179,2
DA:180,0
DA:182,2
DA:184,2
DA:185,2
DA:186,0
DA:188,2
DA:190,0
DA:191,0
DA:192,0
DA:193,0
DA:194,0
DA:195,0
DA:197,0
DA:202,2
DA:210,1
DA:211,1
DA:212,1
DA:215,1
DA:216,1
DA:224,1
DA:226,1
DA:227,2
DA:228,2
DA:229,1
DA:230,1
DA:231,1
DA:236,1
DA:237,1
DA:238,1
DA:239,1
DA:240,1
DA:241,0
DA:242,0
DA:244,0
DA:246,0
DA:247,0
DA:248,0
DA:249,0
DA:252,1
DA:260,1
DA:261,1
DA:262,1
DA:263,1
DA:264,1
DA:265,1
DA:274,1
DA:275,1
DA:276,1
DA:277,2
DA:278,1
DA:279,1
DA:282,1
DA:283,1
DA:292,1
DA:293,1
DA:294,2
DA:295,1
DA:296,1
DA:297,1
DA:298,0
DA:299,0
DA:302,1
DA:310,1
DA:311,1
DA:312,2
DA:313,1
DA:316,1
DA:324,1
DA:325,1
DA:326,2
DA:327,1
DA:330,1
DA:338,1
DA:339,1
DA:340,2
DA:341,1
DA:344,1
DA:352,1
DA:353,1
DA:354,2
DA:356,1
DA:363,1
DA:379,0
DA:380,0
DA:383,0
DA:384,0
DA:385,0
DA:386,0
DA:387,0
DA:388,0
DA:389,0
DA:390,0
DA:391,0
DA:392,0
DA:393,0
DA:394,0
DA:400,0
DA:437,0
DA:442,0
DA:451,0
DA:452,0
DA:454,0
DA:455,0
DA:456,0
DA:457,0
DA:458,0
DA:461,0
DA:462,0
DA:463,0
DA:475,0
DA:477,0
DA:478,0
DA:479,0
DA:500,0
DA:501,0
DA:502,0
DA:503,0
DA:509,0
DA:510,0
DA:517,0
DA:518,0
DA:520,0
DA:521,0
DA:523,0
DA:524,0
DA:525,0
DA:526,0
DA:527,0
DA:528,0
DA:529,0
DA:530,0
DA:531,0
DA:533,0
DA:535,0
DA:536,0
DA:537,0
DA:539,0
DA:541,0
DA:542,0
DA:543,0
DA:544,0
DA:545,0
DA:546,0
DA:548,0
DA:552,0
DA:556,0
DA:557,0
DA:558,0
DA:559,0
DA:560,0
DA:561,0
DA:563,0
DA:564,0
DA:566,0
DA:568,0
DA:572,0
DA:573,0
DA:575,0
DA:578,0
DA:579,0
DA:580,0
DA:581,0
DA:582,0
DA:584,0
DA:590,0
DA:594,0
LF:249
LH:97
BRDA:34,0,0,0
BRDA:34,0,1,0
BRDA:35,1,0,0
BRDA:52,2,0,0
BRDA:52,2,1,0
BRDA:58,3,0,0
BRDA:58,3,1,0
BRDA:62,4,0,0
BRDA:67,5,0,0
BRDA:67,5,1,0
BRDA:70,6,0,0
BRDA:71,7,0,0
BRDA:89,8,0,1
BRDA:90,9,0,1
BRDA:90,9,1,0
BRDA:90,9,2,0
BRDA:90,9,3,0
BRDA:90,9,4,0
BRDA:90,9,5,0
BRDA:90,9,6,0
BRDA:90,9,7,0
BRDA:90,9,8,0
BRDA:90,9,9,0
BRDA:90,9,10,0
BRDA:104,10,0,0
BRDA:107,11,0,0
BRDA:107,12,0,0
BRDA:107,12,1,0
BRDA:107,12,2,0
BRDA:110,13,0,0
BRDA:118,14,0,0
BRDA:121,15,0,2
BRDA:121,15,1,0
BRDA:130,16,0,2
BRDA:133,17,0,0
BRDA:135,18,0,0
BRDA:135,19,0,0
BRDA:135,19,1,0
BRDA:135,19,2,0
BRDA:138,20,0,0
BRDA:146,21,0,2
BRDA:148,22,0,0
BRDA:148,22,1,0
BRDA:149,23,0,0
BRDA:149,23,1,0
BRDA:149,23,2,0
BRDA:152,24,0,0
BRDA:153,25,0,0
BRDA:153,25,1,0
BRDA:154,26,0,0
BRDA:157,27,0,0
BRDA:167,28,0,0
BRDA:167,28,1,4
BRDA:170,29,0,4
BRDA:170,29,1,0
BRDA:172,30,0,2
BRDA:172,30,1,2
BRDA:173,31,0,0
BRDA:173,31,1,2
BRDA:175,32,0,0
BRDA:175,32,1,2
BRDA:175,33,0,2
BRDA:175,33,1,2
BRDA:177,34,0,0
BRDA:177,34,1,2
BRDA:177,35,0,2
BRDA:177,35,1,2
BRDA:179,36,0,0
BRDA:179,36,1,2
BRDA:179,37,0,2
BRDA:179,37,1,2
BRDA:184,38,0,2
BRDA:184,38,1,0
BRDA:184,39,0,2
BRDA:184,39,1,0
BRDA:185,40,0,0
BRDA:185,40,1,2
BRDA:190,41,0,0
BRDA:190,41,1,0
BRDA:192,42,0,0
BRDA:192,42,1,0
BRDA:194,43,0,0
BRDA:194,43,1,0
BRDA:211,44,0,1
BRDA:211,44,1,0
BRDA:219,45,0,0
BRDA:219,45,1,1
BRDA:228,46,0,1
BRDA:228,46,1,1
BRDA:228,47,0,2
BRDA:228,47,1,1
BRDA:230,48,0,1
BRDA:237,49,0,1
BRDA:237,49,1,0
BRDA:239,50,0,1
BRDA:239,50,1,0
BRDA:239,51,0,1
BRDA:239,51,1,0
BRDA:239,51,2,0
BRDA:239,51,3,0
BRDA:241,52,0,0
BRDA:241,52,1,0
BRDA:241,53,0,0
BRDA:241,53,1,0
BRDA:241,53,2,0
BRDA:241,53,3,0
BRDA:246,54,0,0
BRDA:246,54,1,0
BRDA:248,55,0,0
BRDA:261,56,0,1
BRDA:277,57,0,1
BRDA:277,58,0,2
BRDA:277,58,1,1
BRDA:277,58,2,1
BRDA:282,59,0,1
BRDA:294,60,0,1
BRDA:294,60,1,1
BRDA:294,61,0,2
BRDA:294,61,1,1
BRDA:296,62,0,1
BRDA:296,62,1,0
BRDA:298,63,0,0
BRDA:312,64,0,1
BRDA:326,65,0,1
BRDA:340,66,0,1
BRDA:386,67,0,0
BRDA:386,67,1,0
BRDA:388,68,0,0
BRDA:390,69,0,0
BRDA:390,70,0,0
BRDA:390,70,1,0
BRDA:390,70,2,0
BRDA:393,71,0,0
BRDA:437,72,0,0
BRDA:437,72,1,0
BRDA:438,73,0,0
BRDA:438,73,1,0
BRDA:451,74,0,0
BRDA:451,74,1,0
BRDA:457,75,0,0
BRDA:457,76,0,0
BRDA:457,76,1,0
BRDA:462,77,0,0
BRDA:464,78,0,0
BRDA:464,78,1,0
BRDA:466,79,0,0
BRDA:466,79,1,0
BRDA:466,80,0,0
BRDA:466,80,1,0
BRDA:467,81,0,0
BRDA:467,81,1,0
BRDA:468,82,0,0
BRDA:468,82,1,0
BRDA:469,83,0,0
BRDA:469,83,1,0
BRDA:470,84,0,0
BRDA:470,84,1,0
BRDA:471,85,0,0
BRDA:471,85,1,0
BRDA:483,86,0,0
BRDA:483,86,1,0
BRDA:502,87,0,0
BRDA:502,88,0,0
BRDA:502,88,1,0
BRDA:516,89,0,0
BRDA:518,90,0,0
BRDA:518,90,1,0
BRDA:521,91,0,0
BRDA:521,91,1,0
BRDA:523,92,0,0
BRDA:523,92,1,0
BRDA:524,93,0,0
BRDA:524,93,1,0
BRDA:526,94,0,0
BRDA:526,94,1,0
BRDA:526,95,0,0
BRDA:526,95,1,0
BRDA:528,96,0,0
BRDA:528,96,1,0
BRDA:528,97,0,0
BRDA:528,97,1,0
BRDA:530,98,0,0
BRDA:530,98,1,0
BRDA:530,99,0,0
BRDA:530,99,1,0
BRDA:535,100,0,0
BRDA:535,100,1,0
BRDA:535,101,0,0
BRDA:535,101,1,0
BRDA:536,102,0,0
BRDA:536,102,1,0
BRDA:541,103,0,0
BRDA:541,103,1,0
BRDA:543,104,0,0
BRDA:543,104,1,0
BRDA:545,105,0,0
BRDA:545,105,1,0
BRDA:556,106,0,0
BRDA:556,107,0,0
BRDA:556,107,1,0
BRDA:560,108,0,0
BRDA:560,109,0,0
BRDA:560,109,1,0
BRDA:560,109,2,0
BRDA:563,110,0,0
BRDA:563,110,1,0
BRDA:575,111,0,0
BRDA:578,112,0,0
BRDA:582,113,0,0
BRDA:582,113,1,0
BRDA:584,114,0,0
BRDA:585,115,0,0
BRDA:585,115,1,0
BRDA:585,115,2,0
BRDA:585,115,3,0
BRF:215
BRH:46
end_of_record
TN:
SF:src\types\postman-collection.d.ts
FNF:0
FNH:0
LF:0
LH:0
BRF:0
BRH:0
end_of_record
